C:\USERS\ANAM SADIQ\DESKTOP\LMS\LMS\LMS\LMS\DEBUG\ADDCATEGORY.OBJ
C:\USERS\ANAM SADIQ\DESKTOP\LMS\LMS\LMS\LMS\DEBUG\ADDCOURSE.OBJ
C:\USERS\ANAM SADIQ\DESKTOP\LMS\LMS\LMS\LMS\DEBUG\ADDTEACHER.OBJ
C:\USERS\ANAM SADIQ\DESKTOP\LMS\LMS\LMS\LMS\DEBUG\ADDTEST.OBJ
C:\USERS\ANAM SADIQ\DESKTOP\LMS\LMS\LMS\LMS\DEBUG\ADMIN.OBJ
C:\USERS\ANAM SADIQ\DESKTOP\LMS\LMS\LMS\LMS\DEBUG\ADMINPROFILE.OBJ
C:\USERS\ANAM SADIQ\DESKTOP\LMS\LMS\LMS\LMS\DEBUG\ANSWER.OBJ
C:\USERS\ANAM SADIQ\DESKTOP\LMS\LMS\LMS\LMS\DEBUG\CHANGEPASSWORD.OBJ
C:\USERS\ANAM SADIQ\DESKTOP\LMS\LMS\LMS\LMS\DEBUG\COURSE.OBJ
C:\USERS\ANAM SADIQ\DESKTOP\LMS\LMS\LMS\LMS\DEBUG\DAL.OBJ
C:\USERS\ANAM SADIQ\DESKTOP\LMS\LMS\LMS\LMS\DEBUG\DROPCOURSE.OBJ
C:\USERS\ANAM SADIQ\DESKTOP\LMS\LMS\LMS\LMS\DEBUG\EDITPROFILEN.OBJ
C:\USERS\ANAM SADIQ\DESKTOP\LMS\LMS\LMS\LMS\DEBUG\LMS.EXE.INTERMEDIATE.MANIFEST
C:\USERS\ANAM SADIQ\DESKTOP\LMS\LMS\LMS\LMS\DEBUG\LMS.OBJ
C:\USERS\ANAM SADIQ\DESKTOP\LMS\LMS\LMS\LMS\DEBUG\LMSSYSTEM.OBJ
C:\USERS\ANAM SADIQ\DESKTOP\LMS\LMS\LMS\LMS\DEBUG\LOGIN.OBJ
C:\USERS\ANAM SADIQ\DESKTOP\LMS\LMS\LMS\LMS\DEBUG\MAIN.OBJ
C:\USERS\ANAM SADIQ\DESKTOP\LMS\LMS\LMS\LMS\DEBUG\MOC_ADDCATEGORY.OBJ
C:\USERS\ANAM SADIQ\DESKTOP\LMS\LMS\LMS\LMS\DEBUG\MOC_ADDCOURSE.OBJ
C:\USERS\ANAM SADIQ\DESKTOP\LMS\LMS\LMS\LMS\DEBUG\MOC_ADDTEACHER.OBJ
C:\USERS\ANAM SADIQ\DESKTOP\LMS\LMS\LMS\LMS\DEBUG\MOC_ADDTEST.OBJ
C:\USERS\ANAM SADIQ\DESKTOP\LMS\LMS\LMS\LMS\DEBUG\MOC_ADMINPROFILE.OBJ
C:\USERS\ANAM SADIQ\DESKTOP\LMS\LMS\LMS\LMS\DEBUG\MOC_CHANGEPASSWORD.OBJ
C:\USERS\ANAM SADIQ\DESKTOP\LMS\LMS\LMS\LMS\DEBUG\MOC_DROPCOURSE.OBJ
C:\USERS\ANAM SADIQ\DESKTOP\LMS\LMS\LMS\LMS\DEBUG\MOC_EDITPROFILEN.OBJ
C:\USERS\ANAM SADIQ\DESKTOP\LMS\LMS\LMS\LMS\DEBUG\MOC_LMS.OBJ
C:\USERS\ANAM SADIQ\DESKTOP\LMS\LMS\LMS\LMS\DEBUG\MOC_LOGIN.OBJ
C:\USERS\ANAM SADIQ\DESKTOP\LMS\LMS\LMS\LMS\DEBUG\MOC_SIGNUP.OBJ
C:\USERS\ANAM SADIQ\DESKTOP\LMS\LMS\LMS\LMS\DEBUG\MOC_STUDENTPROFILE.OBJ
C:\USERS\ANAM SADIQ\DESKTOP\LMS\LMS\LMS\LMS\DEBUG\MOC_TEACHERPROFILE.OBJ
C:\USERS\ANAM SADIQ\DESKTOP\LMS\LMS\LMS\LMS\DEBUG\MOC_VIEWSTUDENTS.OBJ
C:\USERS\ANAM SADIQ\DESKTOP\LMS\LMS\LMS\LMS\DEBUG\MOC_VIEWTEACHERS.OBJ
C:\USERS\ANAM SADIQ\DESKTOP\LMS\LMS\LMS\LMS\DEBUG\PERSON.OBJ
C:\USERS\ANAM SADIQ\DESKTOP\LMS\LMS\LMS\LMS\DEBUG\QRC_LMS.OBJ
C:\USERS\ANAM SADIQ\DESKTOP\LMS\LMS\LMS\LMS\DEBUG\QUESTION.OBJ
C:\USERS\ANAM SADIQ\DESKTOP\LMS\LMS\LMS\LMS\DEBUG\SIGNUP.OBJ
C:\USERS\ANAM SADIQ\DESKTOP\LMS\LMS\LMS\LMS\DEBUG\STUDENT.OBJ
C:\USERS\ANAM SADIQ\DESKTOP\LMS\LMS\LMS\LMS\DEBUG\STUDENTPROFILE.OBJ
C:\USERS\ANAM SADIQ\DESKTOP\LMS\LMS\LMS\LMS\DEBUG\TEACHER.OBJ
C:\USERS\ANAM SADIQ\DESKTOP\LMS\LMS\LMS\LMS\DEBUG\TEACHERPROFILE.OBJ
C:\USERS\ANAM SADIQ\DESKTOP\LMS\LMS\LMS\LMS\DEBUG\TEST.OBJ
C:\USERS\ANAM SADIQ\DESKTOP\LMS\LMS\LMS\LMS\DEBUG\VC100.PDB
C:\USERS\ANAM SADIQ\DESKTOP\LMS\LMS\LMS\LMS\DEBUG\VIEWSTUDENTS.OBJ
C:\USERS\ANAM SADIQ\DESKTOP\LMS\LMS\LMS\LMS\DEBUG\VIEWTEACHERS.OBJ
C:\USERS\ANAM SADIQ\DESKTOP\LMS\LMS\LMS\LMS\GENERATEDFILES\DEBUG\MOC_ADDCATEGORY.CPP
C:\USERS\ANAM SADIQ\DESKTOP\LMS\LMS\LMS\LMS\GENERATEDFILES\DEBUG\MOC_ADDCOURSE.CPP
C:\USERS\ANAM SADIQ\DESKTOP\LMS\LMS\LMS\LMS\GENERATEDFILES\DEBUG\MOC_ADDTEACHER.CPP
C:\USERS\ANAM SADIQ\DESKTOP\LMS\LMS\LMS\LMS\GENERATEDFILES\DEBUG\MOC_ADDTEST.CPP
C:\USERS\ANAM SADIQ\DESKTOP\LMS\LMS\LMS\LMS\GENERATEDFILES\DEBUG\MOC_ADMINPROFILE.CPP
C:\USERS\ANAM SADIQ\DESKTOP\LMS\LMS\LMS\LMS\GENERATEDFILES\DEBUG\MOC_CHANGEPASSWORD.CPP
C:\USERS\ANAM SADIQ\DESKTOP\LMS\LMS\LMS\LMS\GENERATEDFILES\DEBUG\MOC_DROPCOURSE.CPP
C:\USERS\ANAM SADIQ\DESKTOP\LMS\LMS\LMS\LMS\GENERATEDFILES\DEBUG\MOC_EDITPROFILEN.CPP
C:\USERS\ANAM SADIQ\DESKTOP\LMS\LMS\LMS\LMS\GENERATEDFILES\DEBUG\MOC_LMS.CPP
C:\USERS\ANAM SADIQ\DESKTOP\LMS\LMS\LMS\LMS\GENERATEDFILES\DEBUG\MOC_LOGIN.CPP
C:\USERS\ANAM SADIQ\DESKTOP\LMS\LMS\LMS\LMS\GENERATEDFILES\DEBUG\MOC_SIGNUP.CPP
C:\USERS\ANAM SADIQ\DESKTOP\LMS\LMS\LMS\LMS\GENERATEDFILES\DEBUG\MOC_STUDENTPROFILE.CPP
C:\USERS\ANAM SADIQ\DESKTOP\LMS\LMS\LMS\LMS\GENERATEDFILES\DEBUG\MOC_TEACHERPROFILE.CPP
C:\USERS\ANAM SADIQ\DESKTOP\LMS\LMS\LMS\LMS\GENERATEDFILES\DEBUG\MOC_VIEWSTUDENTS.CPP
C:\USERS\ANAM SADIQ\DESKTOP\LMS\LMS\LMS\LMS\GENERATEDFILES\DEBUG\MOC_VIEWTEACHERS.CPP
C:\USERS\ANAM SADIQ\DESKTOP\LMS\LMS\LMS\LMS\GENERATEDFILES\QRC_LMS.CPP
C:\USERS\ANAM SADIQ\DESKTOP\LMS\LMS\LMS\LMS\GENERATEDFILES\UI_ADDCATEGORY.H
C:\USERS\ANAM SADIQ\DESKTOP\LMS\LMS\LMS\LMS\GENERATEDFILES\UI_ADDCOURSE.H
C:\USERS\ANAM SADIQ\DESKTOP\LMS\LMS\LMS\LMS\GENERATEDFILES\UI_ADDTEACHER.H
C:\USERS\ANAM SADIQ\DESKTOP\LMS\LMS\LMS\LMS\GENERATEDFILES\UI_ADDTEST.H
C:\USERS\ANAM SADIQ\DESKTOP\LMS\LMS\LMS\LMS\GENERATEDFILES\UI_ADMINPROFILE.H
C:\USERS\ANAM SADIQ\DESKTOP\LMS\LMS\LMS\LMS\GENERATEDFILES\UI_CHANGEPASSWORD.H
C:\USERS\ANAM SADIQ\DESKTOP\LMS\LMS\LMS\LMS\GENERATEDFILES\UI_DROPCOURSE.H
C:\USERS\ANAM SADIQ\DESKTOP\LMS\LMS\LMS\LMS\GENERATEDFILES\UI_EDITPROFILEN.H
C:\USERS\ANAM SADIQ\DESKTOP\LMS\LMS\LMS\LMS\GENERATEDFILES\UI_LMS.H
C:\USERS\ANAM SADIQ\DESKTOP\LMS\LMS\LMS\LMS\GENERATEDFILES\UI_LOGIN.H
C:\USERS\ANAM SADIQ\DESKTOP\LMS\LMS\LMS\LMS\GENERATEDFILES\UI_SIGNUP.H
C:\USERS\ANAM SADIQ\DESKTOP\LMS\LMS\LMS\LMS\GENERATEDFILES\UI_STUDENTPROFILE.H
C:\USERS\ANAM SADIQ\DESKTOP\LMS\LMS\LMS\LMS\GENERATEDFILES\UI_TEACHERPROFILE.H
C:\USERS\ANAM SADIQ\DESKTOP\LMS\LMS\LMS\LMS\GENERATEDFILES\UI_VIEWSTUDENTS.H
C:\USERS\ANAM SADIQ\DESKTOP\LMS\LMS\LMS\LMS\GENERATEDFILES\UI_VIEWTEACHERS.H
C:\USERS\ANAM SADIQ\DESKTOP\LMS\LMS\LMS\WIN32\DEBUG\LMS.EXE
C:\USERS\ANAM SADIQ\DESKTOP\LMS\LMS\LMS\WIN32\DEBUG\LMS.ILK
C:\USERS\ANAM SADIQ\DESKTOP\LMS\LMS\LMS\WIN32\DEBUG\LMS.PDB
C:\USERS\IBM\DESKTOP\LMS\LMS\LMS\LMS\LMS\DEBUG\ADDCATEGORY.OBJ
C:\USERS\IBM\DESKTOP\LMS\LMS\LMS\LMS\LMS\DEBUG\ADDCOURSE.OBJ
C:\USERS\IBM\DESKTOP\LMS\LMS\LMS\LMS\LMS\DEBUG\ADDQUESTION.OBJ
C:\USERS\IBM\DESKTOP\LMS\LMS\LMS\LMS\LMS\DEBUG\ADDTEACHER.OBJ
C:\USERS\IBM\DESKTOP\LMS\LMS\LMS\LMS\LMS\DEBUG\ADDTEST.OBJ
C:\USERS\IBM\DESKTOP\LMS\LMS\LMS\LMS\LMS\DEBUG\ADMIN.OBJ
C:\USERS\IBM\DESKTOP\LMS\LMS\LMS\LMS\LMS\DEBUG\ADMINPROFILE.OBJ
C:\USERS\IBM\DESKTOP\LMS\LMS\LMS\LMS\LMS\DEBUG\ANSWER.OBJ
C:\USERS\IBM\DESKTOP\LMS\LMS\LMS\LMS\LMS\DEBUG\CHANGEPASSWORD.OBJ
C:\USERS\IBM\DESKTOP\LMS\LMS\LMS\LMS\LMS\DEBUG\COURSE.OBJ
C:\USERS\IBM\DESKTOP\LMS\LMS\LMS\LMS\LMS\DEBUG\DAL.OBJ
C:\USERS\IBM\DESKTOP\LMS\LMS\LMS\LMS\LMS\DEBUG\DETAILEDRESULT.OBJ
C:\USERS\IBM\DESKTOP\LMS\LMS\LMS\LMS\LMS\DEBUG\DROPCOURSE.OBJ
C:\USERS\IBM\DESKTOP\LMS\LMS\LMS\LMS\LMS\DEBUG\EDITNEXTQUESTION.OBJ
C:\USERS\IBM\DESKTOP\LMS\LMS\LMS\LMS\LMS\DEBUG\EDITPROFILEN.OBJ
C:\USERS\IBM\DESKTOP\LMS\LMS\LMS\LMS\LMS\DEBUG\EDITTEST.OBJ
C:\USERS\IBM\DESKTOP\LMS\LMS\LMS\LMS\LMS\DEBUG\LMS.EXE.INTERMEDIATE.MANIFEST
C:\USERS\IBM\DESKTOP\LMS\LMS\LMS\LMS\LMS\DEBUG\LMS.OBJ
C:\USERS\IBM\DESKTOP\LMS\LMS\LMS\LMS\LMS\DEBUG\LMSSYSTEM.OBJ
C:\USERS\IBM\DESKTOP\LMS\LMS\LMS\LMS\LMS\DEBUG\LOGIN.OBJ
C:\USERS\IBM\DESKTOP\LMS\LMS\LMS\LMS\LMS\DEBUG\MAIN.OBJ
C:\USERS\IBM\DESKTOP\LMS\LMS\LMS\LMS\LMS\DEBUG\MOC_ADDCATEGORY.OBJ
C:\USERS\IBM\DESKTOP\LMS\LMS\LMS\LMS\LMS\DEBUG\MOC_ADDCOURSE.OBJ
C:\USERS\IBM\DESKTOP\LMS\LMS\LMS\LMS\LMS\DEBUG\MOC_ADDQUESTION.OBJ
C:\USERS\IBM\DESKTOP\LMS\LMS\LMS\LMS\LMS\DEBUG\MOC_ADDTEACHER.OBJ
C:\USERS\IBM\DESKTOP\LMS\LMS\LMS\LMS\LMS\DEBUG\MOC_ADDTEST.OBJ
C:\USERS\IBM\DESKTOP\LMS\LMS\LMS\LMS\LMS\DEBUG\MOC_ADMINPROFILE.OBJ
C:\USERS\IBM\DESKTOP\LMS\LMS\LMS\LMS\LMS\DEBUG\MOC_CHANGEPASSWORD.OBJ
C:\USERS\IBM\DESKTOP\LMS\LMS\LMS\LMS\LMS\DEBUG\MOC_DETAILEDRESULT.OBJ
C:\USERS\IBM\DESKTOP\LMS\LMS\LMS\LMS\LMS\DEBUG\MOC_DROPCOURSE.OBJ
C:\USERS\IBM\DESKTOP\LMS\LMS\LMS\LMS\LMS\DEBUG\MOC_EDITNEXTQUESTION.OBJ
C:\USERS\IBM\DESKTOP\LMS\LMS\LMS\LMS\LMS\DEBUG\MOC_EDITPROFILEN.OBJ
C:\USERS\IBM\DESKTOP\LMS\LMS\LMS\LMS\LMS\DEBUG\MOC_EDITTEST.OBJ
C:\USERS\IBM\DESKTOP\LMS\LMS\LMS\LMS\LMS\DEBUG\MOC_LMS.OBJ
C:\USERS\IBM\DESKTOP\LMS\LMS\LMS\LMS\LMS\DEBUG\MOC_LOGIN.OBJ
C:\USERS\IBM\DESKTOP\LMS\LMS\LMS\LMS\LMS\DEBUG\MOC_NEXTQUESTION.OBJ
C:\USERS\IBM\DESKTOP\LMS\LMS\LMS\LMS\LMS\DEBUG\MOC_SEENEXTQUESTION.OBJ
C:\USERS\IBM\DESKTOP\LMS\LMS\LMS\LMS\LMS\DEBUG\MOC_SELECTCOURSE.OBJ
C:\USERS\IBM\DESKTOP\LMS\LMS\LMS\LMS\LMS\DEBUG\MOC_SELECTTEST.OBJ
C:\USERS\IBM\DESKTOP\LMS\LMS\LMS\LMS\LMS\DEBUG\MOC_SETTESTSTART.OBJ
C:\USERS\IBM\DESKTOP\LMS\LMS\LMS\LMS\LMS\DEBUG\MOC_SIGNUP.OBJ
C:\USERS\IBM\DESKTOP\LMS\LMS\LMS\LMS\LMS\DEBUG\MOC_STUDENTPROFILE.OBJ
C:\USERS\IBM\DESKTOP\LMS\LMS\LMS\LMS\LMS\DEBUG\MOC_TAKEQUIZ.OBJ
C:\USERS\IBM\DESKTOP\LMS\LMS\LMS\LMS\LMS\DEBUG\MOC_TEACHERPROFILE.OBJ
C:\USERS\IBM\DESKTOP\LMS\LMS\LMS\LMS\LMS\DEBUG\MOC_VIEWPREVIOUSRESULTS.OBJ
C:\USERS\IBM\DESKTOP\LMS\LMS\LMS\LMS\LMS\DEBUG\MOC_VIEWRESULT.OBJ
C:\USERS\IBM\DESKTOP\LMS\LMS\LMS\LMS\LMS\DEBUG\MOC_VIEWSTUDENTS.OBJ
C:\USERS\IBM\DESKTOP\LMS\LMS\LMS\LMS\LMS\DEBUG\MOC_VIEWTEACHERS.OBJ
C:\USERS\IBM\DESKTOP\LMS\LMS\LMS\LMS\LMS\DEBUG\NEXTQUESTION.OBJ
C:\USERS\IBM\DESKTOP\LMS\LMS\LMS\LMS\LMS\DEBUG\PERSON.OBJ
C:\USERS\IBM\DESKTOP\LMS\LMS\LMS\LMS\LMS\DEBUG\QRC_LMS.OBJ
C:\USERS\IBM\DESKTOP\LMS\LMS\LMS\LMS\LMS\DEBUG\QUESTION.OBJ
C:\USERS\IBM\DESKTOP\LMS\LMS\LMS\LMS\LMS\DEBUG\RESULT.OBJ
C:\USERS\IBM\DESKTOP\LMS\LMS\LMS\LMS\LMS\DEBUG\SEENEXTQUESTION.OBJ
C:\USERS\IBM\DESKTOP\LMS\LMS\LMS\LMS\LMS\DEBUG\SELECTCOURSE.OBJ
C:\USERS\IBM\DESKTOP\LMS\LMS\LMS\LMS\LMS\DEBUG\SELECTTEST.OBJ
C:\USERS\IBM\DESKTOP\LMS\LMS\LMS\LMS\LMS\DEBUG\SETTESTSTART.OBJ
C:\USERS\IBM\DESKTOP\LMS\LMS\LMS\LMS\LMS\DEBUG\SIGNUP.OBJ
C:\USERS\IBM\DESKTOP\LMS\LMS\LMS\LMS\LMS\DEBUG\STUDENT.OBJ
C:\USERS\IBM\DESKTOP\LMS\LMS\LMS\LMS\LMS\DEBUG\STUDENTPROFILE.OBJ
C:\USERS\IBM\DESKTOP\LMS\LMS\LMS\LMS\LMS\DEBUG\TAKEQUIZ.OBJ
C:\USERS\IBM\DESKTOP\LMS\LMS\LMS\LMS\LMS\DEBUG\TEACHER.OBJ
C:\USERS\IBM\DESKTOP\LMS\LMS\LMS\LMS\LMS\DEBUG\TEACHERPROFILE.OBJ
C:\USERS\IBM\DESKTOP\LMS\LMS\LMS\LMS\LMS\DEBUG\TEST.OBJ
C:\USERS\IBM\DESKTOP\LMS\LMS\LMS\LMS\LMS\DEBUG\VC100.PDB
C:\USERS\IBM\DESKTOP\LMS\LMS\LMS\LMS\LMS\DEBUG\VIEWPREVIOUSRESULTS.OBJ
C:\USERS\IBM\DESKTOP\LMS\LMS\LMS\LMS\LMS\DEBUG\VIEWRESULT.OBJ
C:\USERS\IBM\DESKTOP\LMS\LMS\LMS\LMS\LMS\DEBUG\VIEWSTUDENTS.OBJ
C:\USERS\IBM\DESKTOP\LMS\LMS\LMS\LMS\LMS\DEBUG\VIEWTEACHERS.OBJ
C:\USERS\IBM\DESKTOP\LMS\LMS\LMS\LMS\LMS\GENERATEDFILES\DEBUG\MOC_ADDCATEGORY.CPP
C:\USERS\IBM\DESKTOP\LMS\LMS\LMS\LMS\LMS\GENERATEDFILES\DEBUG\MOC_ADDCOURSE.CPP
C:\USERS\IBM\DESKTOP\LMS\LMS\LMS\LMS\LMS\GENERATEDFILES\DEBUG\MOC_ADDQUESTION.CPP
C:\USERS\IBM\DESKTOP\LMS\LMS\LMS\LMS\LMS\GENERATEDFILES\DEBUG\MOC_ADDTEACHER.CPP
C:\USERS\IBM\DESKTOP\LMS\LMS\LMS\LMS\LMS\GENERATEDFILES\DEBUG\MOC_ADDTEST.CPP
C:\USERS\IBM\DESKTOP\LMS\LMS\LMS\LMS\LMS\GENERATEDFILES\DEBUG\MOC_ADMINPROFILE.CPP
C:\USERS\IBM\DESKTOP\LMS\LMS\LMS\LMS\LMS\GENERATEDFILES\DEBUG\MOC_CHANGEPASSWORD.CPP
C:\USERS\IBM\DESKTOP\LMS\LMS\LMS\LMS\LMS\GENERATEDFILES\DEBUG\MOC_DETAILEDRESULT.CPP
C:\USERS\IBM\DESKTOP\LMS\LMS\LMS\LMS\LMS\GENERATEDFILES\DEBUG\MOC_DROPCOURSE.CPP
C:\USERS\IBM\DESKTOP\LMS\LMS\LMS\LMS\LMS\GENERATEDFILES\DEBUG\MOC_EDITNEXTQUESTION.CPP
C:\USERS\IBM\DESKTOP\LMS\LMS\LMS\LMS\LMS\GENERATEDFILES\DEBUG\MOC_EDITPROFILEN.CPP
C:\USERS\IBM\DESKTOP\LMS\LMS\LMS\LMS\LMS\GENERATEDFILES\DEBUG\MOC_EDITTEST.CPP
C:\USERS\IBM\DESKTOP\LMS\LMS\LMS\LMS\LMS\GENERATEDFILES\DEBUG\MOC_LMS.CPP
C:\USERS\IBM\DESKTOP\LMS\LMS\LMS\LMS\LMS\GENERATEDFILES\DEBUG\MOC_LOGIN.CPP
C:\USERS\IBM\DESKTOP\LMS\LMS\LMS\LMS\LMS\GENERATEDFILES\DEBUG\MOC_NEXTQUESTION.CPP
C:\USERS\IBM\DESKTOP\LMS\LMS\LMS\LMS\LMS\GENERATEDFILES\DEBUG\MOC_SEENEXTQUESTION.CPP
C:\USERS\IBM\DESKTOP\LMS\LMS\LMS\LMS\LMS\GENERATEDFILES\DEBUG\MOC_SELECTCOURSE.CPP
C:\USERS\IBM\DESKTOP\LMS\LMS\LMS\LMS\LMS\GENERATEDFILES\DEBUG\MOC_SELECTTEST.CPP
C:\USERS\IBM\DESKTOP\LMS\LMS\LMS\LMS\LMS\GENERATEDFILES\DEBUG\MOC_SETTESTSTART.CPP
C:\USERS\IBM\DESKTOP\LMS\LMS\LMS\LMS\LMS\GENERATEDFILES\DEBUG\MOC_SIGNUP.CPP
C:\USERS\IBM\DESKTOP\LMS\LMS\LMS\LMS\LMS\GENERATEDFILES\DEBUG\MOC_STUDENTPROFILE.CPP
C:\USERS\IBM\DESKTOP\LMS\LMS\LMS\LMS\LMS\GENERATEDFILES\DEBUG\MOC_TAKEQUIZ.CPP
C:\USERS\IBM\DESKTOP\LMS\LMS\LMS\LMS\LMS\GENERATEDFILES\DEBUG\MOC_TEACHERPROFILE.CPP
C:\USERS\IBM\DESKTOP\LMS\LMS\LMS\LMS\LMS\GENERATEDFILES\DEBUG\MOC_VIEWPREVIOUSRESULTS.CPP
C:\USERS\IBM\DESKTOP\LMS\LMS\LMS\LMS\LMS\GENERATEDFILES\DEBUG\MOC_VIEWRESULT.CPP
C:\USERS\IBM\DESKTOP\LMS\LMS\LMS\LMS\LMS\GENERATEDFILES\DEBUG\MOC_VIEWSTUDENTS.CPP
C:\USERS\IBM\DESKTOP\LMS\LMS\LMS\LMS\LMS\GENERATEDFILES\DEBUG\MOC_VIEWTEACHERS.CPP
C:\USERS\IBM\DESKTOP\LMS\LMS\LMS\LMS\LMS\GENERATEDFILES\QRC_LMS.CPP
C:\USERS\IBM\DESKTOP\LMS\LMS\LMS\LMS\LMS\GENERATEDFILES\UI_ADDCATEGORY.H
C:\USERS\IBM\DESKTOP\LMS\LMS\LMS\LMS\LMS\GENERATEDFILES\UI_ADDCOURSE.H
C:\USERS\IBM\DESKTOP\LMS\LMS\LMS\LMS\LMS\GENERATEDFILES\UI_ADDQUESTION.H
C:\USERS\IBM\DESKTOP\LMS\LMS\LMS\LMS\LMS\GENERATEDFILES\UI_ADDTEACHER.H
C:\USERS\IBM\DESKTOP\LMS\LMS\LMS\LMS\LMS\GENERATEDFILES\UI_ADDTEST.H
C:\USERS\IBM\DESKTOP\LMS\LMS\LMS\LMS\LMS\GENERATEDFILES\UI_ADMINPROFILE.H
C:\USERS\IBM\DESKTOP\LMS\LMS\LMS\LMS\LMS\GENERATEDFILES\UI_CHANGEPASSWORD.H
C:\USERS\IBM\DESKTOP\LMS\LMS\LMS\LMS\LMS\GENERATEDFILES\UI_DETAILEDRESULT.H
C:\USERS\IBM\DESKTOP\LMS\LMS\LMS\LMS\LMS\GENERATEDFILES\UI_DROPCOURSE.H
C:\USERS\IBM\DESKTOP\LMS\LMS\LMS\LMS\LMS\GENERATEDFILES\UI_EDITNEXTQUESTION.H
C:\USERS\IBM\DESKTOP\LMS\LMS\LMS\LMS\LMS\GENERATEDFILES\UI_EDITPROFILEN.H
C:\USERS\IBM\DESKTOP\LMS\LMS\LMS\LMS\LMS\GENERATEDFILES\UI_EDITTEST.H
C:\USERS\IBM\DESKTOP\LMS\LMS\LMS\LMS\LMS\GENERATEDFILES\UI_LMS.H
C:\USERS\IBM\DESKTOP\LMS\LMS\LMS\LMS\LMS\GENERATEDFILES\UI_LOGIN.H
C:\USERS\IBM\DESKTOP\LMS\LMS\LMS\LMS\LMS\GENERATEDFILES\UI_NEXTQUESTION.H
C:\USERS\IBM\DESKTOP\LMS\LMS\LMS\LMS\LMS\GENERATEDFILES\UI_SEENEXTQUESTION.H
C:\USERS\IBM\DESKTOP\LMS\LMS\LMS\LMS\LMS\GENERATEDFILES\UI_SELECTCOURSE.H
C:\USERS\IBM\DESKTOP\LMS\LMS\LMS\LMS\LMS\GENERATEDFILES\UI_SELECTTEST.H
C:\USERS\IBM\DESKTOP\LMS\LMS\LMS\LMS\LMS\GENERATEDFILES\UI_SETTESTSTART.H
C:\USERS\IBM\DESKTOP\LMS\LMS\LMS\LMS\LMS\GENERATEDFILES\UI_SIGNUP.H
C:\USERS\IBM\DESKTOP\LMS\LMS\LMS\LMS\LMS\GENERATEDFILES\UI_STUDENTPROFILE.H
C:\USERS\IBM\DESKTOP\LMS\LMS\LMS\LMS\LMS\GENERATEDFILES\UI_TAKEQUIZ.H
C:\USERS\IBM\DESKTOP\LMS\LMS\LMS\LMS\LMS\GENERATEDFILES\UI_TEACHERPROFILE.H
C:\USERS\IBM\DESKTOP\LMS\LMS\LMS\LMS\LMS\GENERATEDFILES\UI_VIEWPREVIOUSRESULTS.H
C:\USERS\IBM\DESKTOP\LMS\LMS\LMS\LMS\LMS\GENERATEDFILES\UI_VIEWRESULT.H
C:\USERS\IBM\DESKTOP\LMS\LMS\LMS\LMS\LMS\GENERATEDFILES\UI_VIEWSTUDENTS.H
C:\USERS\IBM\DESKTOP\LMS\LMS\LMS\LMS\LMS\GENERATEDFILES\UI_VIEWTEACHERS.H
C:\USERS\IBM\DESKTOP\LMS\LMS\LMS\LMS\WIN32\DEBUG\LMS.EXE
C:\USERS\IBM\DESKTOP\LMS\LMS\LMS\LMS\WIN32\DEBUG\LMS.ILK
C:\USERS\IBM\DESKTOP\LMS\LMS\LMS\LMS\WIN32\DEBUG\LMS.PDB
C:\Users\Ibm\Downloads\LMS-final\LMS-final\LMS\LMS\LMS\LMS\Debug\addcategory.obj
C:\USERS\IBM\DOWNLOADS\LMS-FINAL\LMS-FINAL\LMS\LMS\LMS\LMS\DEBUG\ADDCOURSE.OBJ
C:\USERS\IBM\DOWNLOADS\LMS-FINAL\LMS-FINAL\LMS\LMS\LMS\LMS\DEBUG\ADDQUESTION.OBJ
C:\USERS\IBM\DOWNLOADS\LMS-FINAL\LMS-FINAL\LMS\LMS\LMS\LMS\DEBUG\ADDTEACHER.OBJ
C:\Users\Ibm\Downloads\LMS-final\LMS-final\LMS\LMS\LMS\LMS\Debug\addtest.obj
C:\USERS\IBM\DOWNLOADS\LMS-FINAL\LMS-FINAL\LMS\LMS\LMS\LMS\DEBUG\ADMIN.OBJ
C:\USERS\IBM\DOWNLOADS\LMS-FINAL\LMS-FINAL\LMS\LMS\LMS\LMS\DEBUG\ADMINPROFILE.OBJ
C:\USERS\IBM\DOWNLOADS\LMS-FINAL\LMS-FINAL\LMS\LMS\LMS\LMS\DEBUG\ANSWER.OBJ
C:\USERS\IBM\DOWNLOADS\LMS-FINAL\LMS-FINAL\LMS\LMS\LMS\LMS\DEBUG\CHANGEPASSWORD.OBJ
C:\USERS\IBM\DOWNLOADS\LMS-FINAL\LMS-FINAL\LMS\LMS\LMS\LMS\DEBUG\CHOOSEEXERCISE.OBJ
C:\Users\Ibm\Downloads\LMS-final\LMS-final\LMS\LMS\LMS\LMS\Debug\cl.command.1.tlog
C:\Users\Ibm\Downloads\LMS-final\LMS-final\LMS\LMS\LMS\LMS\Debug\CL.read.1.tlog
C:\Users\Ibm\Downloads\LMS-final\LMS-final\LMS\LMS\LMS\LMS\Debug\CL.write.1.tlog
C:\USERS\IBM\DOWNLOADS\LMS-FINAL\LMS-FINAL\LMS\LMS\LMS\LMS\DEBUG\COURSE.OBJ
C:\Users\Ibm\Downloads\LMS-final\LMS-final\LMS\LMS\LMS\LMS\Debug\custombuild.command.1.tlog
C:\Users\Ibm\Downloads\LMS-final\LMS-final\LMS\LMS\LMS\LMS\Debug\custombuild.read.1.tlog
C:\Users\Ibm\Downloads\LMS-final\LMS-final\LMS\LMS\LMS\LMS\Debug\custombuild.write.1.tlog
C:\USERS\IBM\DOWNLOADS\LMS-FINAL\LMS-FINAL\LMS\LMS\LMS\LMS\DEBUG\DAL.OBJ
C:\USERS\IBM\DOWNLOADS\LMS-FINAL\LMS-FINAL\LMS\LMS\LMS\LMS\DEBUG\DETAILEDRESULT.OBJ
C:\USERS\IBM\DOWNLOADS\LMS-FINAL\LMS-FINAL\LMS\LMS\LMS\LMS\DEBUG\DROPCOURSE.OBJ
C:\USERS\IBM\DOWNLOADS\LMS-FINAL\LMS-FINAL\LMS\LMS\LMS\LMS\DEBUG\EDITNEXTQUESTION.OBJ
C:\USERS\IBM\DOWNLOADS\LMS-FINAL\LMS-FINAL\LMS\LMS\LMS\LMS\DEBUG\EDITPROFILEN.OBJ
C:\USERS\IBM\DOWNLOADS\LMS-FINAL\LMS-FINAL\LMS\LMS\LMS\LMS\DEBUG\EDITTEST.OBJ
C:\USERS\IBM\DOWNLOADS\LMS-FINAL\LMS-FINAL\LMS\LMS\LMS\LMS\DEBUG\EXERCISE.OBJ
C:\USERS\IBM\DOWNLOADS\LMS-FINAL\LMS-FINAL\LMS\LMS\LMS\LMS\DEBUG\EXERCISEQ.OBJ
C:\Users\Ibm\Downloads\LMS-final\LMS-final\LMS\LMS\LMS\LMS\Debug\link.command.1.tlog
C:\Users\Ibm\Downloads\LMS-final\LMS-final\LMS\LMS\LMS\LMS\Debug\link.read.1.tlog
C:\Users\Ibm\Downloads\LMS-final\LMS-final\LMS\LMS\LMS\LMS\Debug\link.write.1.tlog
C:\USERS\IBM\DOWNLOADS\LMS-FINAL\LMS-FINAL\LMS\LMS\LMS\LMS\DEBUG\LMS.EXE.INTERMEDIATE.MANIFEST
C:\USERS\IBM\DOWNLOADS\LMS-FINAL\LMS-FINAL\LMS\LMS\LMS\LMS\DEBUG\LMS.OBJ
C:\Users\Ibm\Downloads\LMS-final\LMS-final\LMS\LMS\LMS\LMS\Debug\LMS.vcxprojResolveAssemblyReference.cache
C:\Users\Ibm\Downloads\LMS-final\LMS-final\LMS\LMS\LMS\LMS\Debug\LMS.write.1.tlog
C:\USERS\IBM\DOWNLOADS\LMS-FINAL\LMS-FINAL\LMS\LMS\LMS\LMS\DEBUG\LMSSYSTEM.OBJ
C:\USERS\IBM\DOWNLOADS\LMS-FINAL\LMS-FINAL\LMS\LMS\LMS\LMS\DEBUG\LOGIN.OBJ
C:\USERS\IBM\DOWNLOADS\LMS-FINAL\LMS-FINAL\LMS\LMS\LMS\LMS\DEBUG\MAIN.OBJ
C:\Users\Ibm\Downloads\LMS-final\LMS-final\LMS\LMS\LMS\LMS\Debug\moc_addcategory.obj
C:\USERS\IBM\DOWNLOADS\LMS-FINAL\LMS-FINAL\LMS\LMS\LMS\LMS\DEBUG\MOC_ADDCOURSE.OBJ
C:\USERS\IBM\DOWNLOADS\LMS-FINAL\LMS-FINAL\LMS\LMS\LMS\LMS\DEBUG\MOC_ADDQUESTION.OBJ
C:\USERS\IBM\DOWNLOADS\LMS-FINAL\LMS-FINAL\LMS\LMS\LMS\LMS\DEBUG\MOC_ADDTEACHER.OBJ
C:\Users\Ibm\Downloads\LMS-final\LMS-final\LMS\LMS\LMS\LMS\Debug\moc_addtest.obj
C:\USERS\IBM\DOWNLOADS\LMS-FINAL\LMS-FINAL\LMS\LMS\LMS\LMS\DEBUG\MOC_ADMINPROFILE.OBJ
C:\USERS\IBM\DOWNLOADS\LMS-FINAL\LMS-FINAL\LMS\LMS\LMS\LMS\DEBUG\MOC_CHANGEPASSWORD.OBJ
C:\USERS\IBM\DOWNLOADS\LMS-FINAL\LMS-FINAL\LMS\LMS\LMS\LMS\DEBUG\MOC_CHOOSEEXERCISE.OBJ
C:\USERS\IBM\DOWNLOADS\LMS-FINAL\LMS-FINAL\LMS\LMS\LMS\LMS\DEBUG\MOC_DETAILEDRESULT.OBJ
C:\USERS\IBM\DOWNLOADS\LMS-FINAL\LMS-FINAL\LMS\LMS\LMS\LMS\DEBUG\MOC_DROPCOURSE.OBJ
C:\USERS\IBM\DOWNLOADS\LMS-FINAL\LMS-FINAL\LMS\LMS\LMS\LMS\DEBUG\MOC_EDITNEXTQUESTION.OBJ
C:\USERS\IBM\DOWNLOADS\LMS-FINAL\LMS-FINAL\LMS\LMS\LMS\LMS\DEBUG\MOC_EDITPROFILEN.OBJ
C:\USERS\IBM\DOWNLOADS\LMS-FINAL\LMS-FINAL\LMS\LMS\LMS\LMS\DEBUG\MOC_EDITTEST.OBJ
C:\USERS\IBM\DOWNLOADS\LMS-FINAL\LMS-FINAL\LMS\LMS\LMS\LMS\DEBUG\MOC_EXERCISEQ.OBJ
C:\USERS\IBM\DOWNLOADS\LMS-FINAL\LMS-FINAL\LMS\LMS\LMS\LMS\DEBUG\MOC_LMS.OBJ
C:\USERS\IBM\DOWNLOADS\LMS-FINAL\LMS-FINAL\LMS\LMS\LMS\LMS\DEBUG\MOC_LOGIN.OBJ
C:\USERS\IBM\DOWNLOADS\LMS-FINAL\LMS-FINAL\LMS\LMS\LMS\LMS\DEBUG\MOC_NEXTQUESTION.OBJ
C:\USERS\IBM\DOWNLOADS\LMS-FINAL\LMS-FINAL\LMS\LMS\LMS\LMS\DEBUG\MOC_SEENEXTQUESTION.OBJ
C:\USERS\IBM\DOWNLOADS\LMS-FINAL\LMS-FINAL\LMS\LMS\LMS\LMS\DEBUG\MOC_SELECTCOURSE.OBJ
C:\USERS\IBM\DOWNLOADS\LMS-FINAL\LMS-FINAL\LMS\LMS\LMS\LMS\DEBUG\MOC_SELECTTEST.OBJ
C:\USERS\IBM\DOWNLOADS\LMS-FINAL\LMS-FINAL\LMS\LMS\LMS\LMS\DEBUG\MOC_SETTESTSTART.OBJ
C:\USERS\IBM\DOWNLOADS\LMS-FINAL\LMS-FINAL\LMS\LMS\LMS\LMS\DEBUG\MOC_SIGNUP.OBJ
C:\USERS\IBM\DOWNLOADS\LMS-FINAL\LMS-FINAL\LMS\LMS\LMS\LMS\DEBUG\MOC_STUDENTPROFILE.OBJ
C:\USERS\IBM\DOWNLOADS\LMS-FINAL\LMS-FINAL\LMS\LMS\LMS\LMS\DEBUG\MOC_TAKEQUIZ.OBJ
C:\USERS\IBM\DOWNLOADS\LMS-FINAL\LMS-FINAL\LMS\LMS\LMS\LMS\DEBUG\MOC_TEACHERPROFILE.OBJ
C:\USERS\IBM\DOWNLOADS\LMS-FINAL\LMS-FINAL\LMS\LMS\LMS\LMS\DEBUG\MOC_VIEWPREVIOUSRESULTS.OBJ
C:\USERS\IBM\DOWNLOADS\LMS-FINAL\LMS-FINAL\LMS\LMS\LMS\LMS\DEBUG\MOC_VIEWRESULT.OBJ
C:\USERS\IBM\DOWNLOADS\LMS-FINAL\LMS-FINAL\LMS\LMS\LMS\LMS\DEBUG\MOC_VIEWSTUDENTS.OBJ
C:\USERS\IBM\DOWNLOADS\LMS-FINAL\LMS-FINAL\LMS\LMS\LMS\LMS\DEBUG\MOC_VIEWTEACHERS.OBJ
C:\Users\Ibm\Downloads\LMS-final\LMS-final\LMS\LMS\LMS\LMS\Debug\mt.command.1.tlog
C:\Users\Ibm\Downloads\LMS-final\LMS-final\LMS\LMS\LMS\LMS\Debug\mt.read.1.tlog
C:\Users\Ibm\Downloads\LMS-final\LMS-final\LMS\LMS\LMS\LMS\Debug\mt.write.1.tlog
C:\USERS\IBM\DOWNLOADS\LMS-FINAL\LMS-FINAL\LMS\LMS\LMS\LMS\DEBUG\NEXTQUESTION.OBJ
C:\USERS\IBM\DOWNLOADS\LMS-FINAL\LMS-FINAL\LMS\LMS\LMS\LMS\DEBUG\PERSON.OBJ
C:\USERS\IBM\DOWNLOADS\LMS-FINAL\LMS-FINAL\LMS\LMS\LMS\LMS\DEBUG\QRC_LMS.OBJ
C:\USERS\IBM\DOWNLOADS\LMS-FINAL\LMS-FINAL\LMS\LMS\LMS\LMS\DEBUG\QUESTION.OBJ
C:\USERS\IBM\DOWNLOADS\LMS-FINAL\LMS-FINAL\LMS\LMS\LMS\LMS\DEBUG\RESULT.OBJ
C:\USERS\IBM\DOWNLOADS\LMS-FINAL\LMS-FINAL\LMS\LMS\LMS\LMS\DEBUG\SEENEXTQUESTION.OBJ
C:\USERS\IBM\DOWNLOADS\LMS-FINAL\LMS-FINAL\LMS\LMS\LMS\LMS\DEBUG\SELECTCOURSE.OBJ
C:\USERS\IBM\DOWNLOADS\LMS-FINAL\LMS-FINAL\LMS\LMS\LMS\LMS\DEBUG\SELECTTEST.OBJ
C:\USERS\IBM\DOWNLOADS\LMS-FINAL\LMS-FINAL\LMS\LMS\LMS\LMS\DEBUG\SETTESTSTART.OBJ
C:\USERS\IBM\DOWNLOADS\LMS-FINAL\LMS-FINAL\LMS\LMS\LMS\LMS\DEBUG\SHORTQUESTION.OBJ
C:\USERS\IBM\DOWNLOADS\LMS-FINAL\LMS-FINAL\LMS\LMS\LMS\LMS\DEBUG\SIGNUP.OBJ
C:\USERS\IBM\DOWNLOADS\LMS-FINAL\LMS-FINAL\LMS\LMS\LMS\LMS\DEBUG\STUDENT.OBJ
C:\USERS\IBM\DOWNLOADS\LMS-FINAL\LMS-FINAL\LMS\LMS\LMS\LMS\DEBUG\STUDENTPROFILE.OBJ
C:\USERS\IBM\DOWNLOADS\LMS-FINAL\LMS-FINAL\LMS\LMS\LMS\LMS\DEBUG\TAKEQUIZ.OBJ
C:\USERS\IBM\DOWNLOADS\LMS-FINAL\LMS-FINAL\LMS\LMS\LMS\LMS\DEBUG\TEACHER.OBJ
C:\USERS\IBM\DOWNLOADS\LMS-FINAL\LMS-FINAL\LMS\LMS\LMS\LMS\DEBUG\TEACHERPROFILE.OBJ
C:\USERS\IBM\DOWNLOADS\LMS-FINAL\LMS-FINAL\LMS\LMS\LMS\LMS\DEBUG\TEST.OBJ
C:\USERS\IBM\DOWNLOADS\LMS-FINAL\LMS-FINAL\LMS\LMS\LMS\LMS\DEBUG\VC100.PDB
C:\USERS\IBM\DOWNLOADS\LMS-FINAL\LMS-FINAL\LMS\LMS\LMS\LMS\DEBUG\VIEWPREVIOUSRESULTS.OBJ
C:\USERS\IBM\DOWNLOADS\LMS-FINAL\LMS-FINAL\LMS\LMS\LMS\LMS\DEBUG\VIEWRESULT.OBJ
C:\USERS\IBM\DOWNLOADS\LMS-FINAL\LMS-FINAL\LMS\LMS\LMS\LMS\DEBUG\VIEWSTUDENTS.OBJ
C:\USERS\IBM\DOWNLOADS\LMS-FINAL\LMS-FINAL\LMS\LMS\LMS\LMS\DEBUG\VIEWTEACHERS.OBJ
C:\USERS\IBM\DOWNLOADS\LMS-FINAL\LMS-FINAL\LMS\LMS\LMS\LMS\GENERATEDFILES\DEBUG\MOC_ADDCOURSE.CPP
C:\USERS\IBM\DOWNLOADS\LMS-FINAL\LMS-FINAL\LMS\LMS\LMS\LMS\GENERATEDFILES\DEBUG\MOC_ADDQUESTION.CPP
C:\USERS\IBM\DOWNLOADS\LMS-FINAL\LMS-FINAL\LMS\LMS\LMS\LMS\GENERATEDFILES\DEBUG\MOC_ADDTEACHER.CPP
C:\USERS\IBM\DOWNLOADS\LMS-FINAL\LMS-FINAL\LMS\LMS\LMS\LMS\GENERATEDFILES\DEBUG\MOC_ADMINPROFILE.CPP
C:\USERS\IBM\DOWNLOADS\LMS-FINAL\LMS-FINAL\LMS\LMS\LMS\LMS\GENERATEDFILES\DEBUG\MOC_CHANGEPASSWORD.CPP
C:\USERS\IBM\DOWNLOADS\LMS-FINAL\LMS-FINAL\LMS\LMS\LMS\LMS\GENERATEDFILES\DEBUG\MOC_CHOOSEEXERCISE.CPP
C:\USERS\IBM\DOWNLOADS\LMS-FINAL\LMS-FINAL\LMS\LMS\LMS\LMS\GENERATEDFILES\DEBUG\MOC_DETAILEDRESULT.CPP
C:\USERS\IBM\DOWNLOADS\LMS-FINAL\LMS-FINAL\LMS\LMS\LMS\LMS\GENERATEDFILES\DEBUG\MOC_DROPCOURSE.CPP
C:\USERS\IBM\DOWNLOADS\LMS-FINAL\LMS-FINAL\LMS\LMS\LMS\LMS\GENERATEDFILES\DEBUG\MOC_EDITNEXTQUESTION.CPP
C:\USERS\IBM\DOWNLOADS\LMS-FINAL\LMS-FINAL\LMS\LMS\LMS\LMS\GENERATEDFILES\DEBUG\MOC_EDITPROFILEN.CPP
C:\USERS\IBM\DOWNLOADS\LMS-FINAL\LMS-FINAL\LMS\LMS\LMS\LMS\GENERATEDFILES\DEBUG\MOC_EDITTEST.CPP
C:\USERS\IBM\DOWNLOADS\LMS-FINAL\LMS-FINAL\LMS\LMS\LMS\LMS\GENERATEDFILES\DEBUG\MOC_EXERCISEQ.CPP
C:\USERS\IBM\DOWNLOADS\LMS-FINAL\LMS-FINAL\LMS\LMS\LMS\LMS\GENERATEDFILES\DEBUG\MOC_LMS.CPP
C:\USERS\IBM\DOWNLOADS\LMS-FINAL\LMS-FINAL\LMS\LMS\LMS\LMS\GENERATEDFILES\DEBUG\MOC_LOGIN.CPP
C:\USERS\IBM\DOWNLOADS\LMS-FINAL\LMS-FINAL\LMS\LMS\LMS\LMS\GENERATEDFILES\DEBUG\MOC_NEXTQUESTION.CPP
C:\USERS\IBM\DOWNLOADS\LMS-FINAL\LMS-FINAL\LMS\LMS\LMS\LMS\GENERATEDFILES\DEBUG\MOC_SEENEXTQUESTION.CPP
C:\USERS\IBM\DOWNLOADS\LMS-FINAL\LMS-FINAL\LMS\LMS\LMS\LMS\GENERATEDFILES\DEBUG\MOC_SELECTCOURSE.CPP
C:\USERS\IBM\DOWNLOADS\LMS-FINAL\LMS-FINAL\LMS\LMS\LMS\LMS\GENERATEDFILES\DEBUG\MOC_SELECTTEST.CPP
C:\USERS\IBM\DOWNLOADS\LMS-FINAL\LMS-FINAL\LMS\LMS\LMS\LMS\GENERATEDFILES\DEBUG\MOC_SETTESTSTART.CPP
C:\USERS\IBM\DOWNLOADS\LMS-FINAL\LMS-FINAL\LMS\LMS\LMS\LMS\GENERATEDFILES\DEBUG\MOC_SIGNUP.CPP
C:\USERS\IBM\DOWNLOADS\LMS-FINAL\LMS-FINAL\LMS\LMS\LMS\LMS\GENERATEDFILES\DEBUG\MOC_STUDENTPROFILE.CPP
C:\USERS\IBM\DOWNLOADS\LMS-FINAL\LMS-FINAL\LMS\LMS\LMS\LMS\GENERATEDFILES\DEBUG\MOC_TAKEQUIZ.CPP
C:\USERS\IBM\DOWNLOADS\LMS-FINAL\LMS-FINAL\LMS\LMS\LMS\LMS\GENERATEDFILES\DEBUG\MOC_TEACHERPROFILE.CPP
C:\USERS\IBM\DOWNLOADS\LMS-FINAL\LMS-FINAL\LMS\LMS\LMS\LMS\GENERATEDFILES\DEBUG\MOC_VIEWPREVIOUSRESULTS.CPP
C:\USERS\IBM\DOWNLOADS\LMS-FINAL\LMS-FINAL\LMS\LMS\LMS\LMS\GENERATEDFILES\DEBUG\MOC_VIEWRESULT.CPP
C:\USERS\IBM\DOWNLOADS\LMS-FINAL\LMS-FINAL\LMS\LMS\LMS\LMS\GENERATEDFILES\DEBUG\MOC_VIEWSTUDENTS.CPP
C:\USERS\IBM\DOWNLOADS\LMS-FINAL\LMS-FINAL\LMS\LMS\LMS\LMS\GENERATEDFILES\DEBUG\MOC_VIEWTEACHERS.CPP
C:\USERS\IBM\DOWNLOADS\LMS-FINAL\LMS-FINAL\LMS\LMS\LMS\LMS\GENERATEDFILES\QRC_LMS.CPP
C:\USERS\IBM\DOWNLOADS\LMS-FINAL\LMS-FINAL\LMS\LMS\LMS\LMS\GENERATEDFILES\UI_ADDCOURSE.H
C:\USERS\IBM\DOWNLOADS\LMS-FINAL\LMS-FINAL\LMS\LMS\LMS\LMS\GENERATEDFILES\UI_ADDQUESTION.H
C:\USERS\IBM\DOWNLOADS\LMS-FINAL\LMS-FINAL\LMS\LMS\LMS\LMS\GENERATEDFILES\UI_ADDTEACHER.H
C:\USERS\IBM\DOWNLOADS\LMS-FINAL\LMS-FINAL\LMS\LMS\LMS\LMS\GENERATEDFILES\UI_ADMINPROFILE.H
C:\USERS\IBM\DOWNLOADS\LMS-FINAL\LMS-FINAL\LMS\LMS\LMS\LMS\GENERATEDFILES\UI_CHANGEPASSWORD.H
C:\USERS\IBM\DOWNLOADS\LMS-FINAL\LMS-FINAL\LMS\LMS\LMS\LMS\GENERATEDFILES\UI_CHOOSEEXERCISE.H
C:\USERS\IBM\DOWNLOADS\LMS-FINAL\LMS-FINAL\LMS\LMS\LMS\LMS\GENERATEDFILES\UI_DETAILEDRESULT.H
C:\USERS\IBM\DOWNLOADS\LMS-FINAL\LMS-FINAL\LMS\LMS\LMS\LMS\GENERATEDFILES\UI_DROPCOURSE.H
C:\USERS\IBM\DOWNLOADS\LMS-FINAL\LMS-FINAL\LMS\LMS\LMS\LMS\GENERATEDFILES\UI_EDITNEXTQUESTION.H
C:\USERS\IBM\DOWNLOADS\LMS-FINAL\LMS-FINAL\LMS\LMS\LMS\LMS\GENERATEDFILES\UI_EDITPROFILEN.H
C:\USERS\IBM\DOWNLOADS\LMS-FINAL\LMS-FINAL\LMS\LMS\LMS\LMS\GENERATEDFILES\UI_EDITTEST.H
C:\USERS\IBM\DOWNLOADS\LMS-FINAL\LMS-FINAL\LMS\LMS\LMS\LMS\GENERATEDFILES\UI_EXERCISEQ.H
C:\USERS\IBM\DOWNLOADS\LMS-FINAL\LMS-FINAL\LMS\LMS\LMS\LMS\GENERATEDFILES\UI_LMS.H
C:\USERS\IBM\DOWNLOADS\LMS-FINAL\LMS-FINAL\LMS\LMS\LMS\LMS\GENERATEDFILES\UI_LOGIN.H
C:\USERS\IBM\DOWNLOADS\LMS-FINAL\LMS-FINAL\LMS\LMS\LMS\LMS\GENERATEDFILES\UI_NEXTQUESTION.H
C:\USERS\IBM\DOWNLOADS\LMS-FINAL\LMS-FINAL\LMS\LMS\LMS\LMS\GENERATEDFILES\UI_SEENEXTQUESTION.H
C:\USERS\IBM\DOWNLOADS\LMS-FINAL\LMS-FINAL\LMS\LMS\LMS\LMS\GENERATEDFILES\UI_SELECTCOURSE.H
C:\USERS\IBM\DOWNLOADS\LMS-FINAL\LMS-FINAL\LMS\LMS\LMS\LMS\GENERATEDFILES\UI_SELECTTEST.H
C:\USERS\IBM\DOWNLOADS\LMS-FINAL\LMS-FINAL\LMS\LMS\LMS\LMS\GENERATEDFILES\UI_SETTESTSTART.H
C:\USERS\IBM\DOWNLOADS\LMS-FINAL\LMS-FINAL\LMS\LMS\LMS\LMS\GENERATEDFILES\UI_SIGNUP.H
C:\USERS\IBM\DOWNLOADS\LMS-FINAL\LMS-FINAL\LMS\LMS\LMS\LMS\GENERATEDFILES\UI_STUDENTPROFILE.H
C:\USERS\IBM\DOWNLOADS\LMS-FINAL\LMS-FINAL\LMS\LMS\LMS\LMS\GENERATEDFILES\UI_TAKEQUIZ.H
C:\USERS\IBM\DOWNLOADS\LMS-FINAL\LMS-FINAL\LMS\LMS\LMS\LMS\GENERATEDFILES\UI_TEACHERPROFILE.H
C:\USERS\IBM\DOWNLOADS\LMS-FINAL\LMS-FINAL\LMS\LMS\LMS\LMS\GENERATEDFILES\UI_VIEWPREVIOUSRESULTS.H
C:\USERS\IBM\DOWNLOADS\LMS-FINAL\LMS-FINAL\LMS\LMS\LMS\LMS\GENERATEDFILES\UI_VIEWRESULT.H
C:\USERS\IBM\DOWNLOADS\LMS-FINAL\LMS-FINAL\LMS\LMS\LMS\LMS\GENERATEDFILES\UI_VIEWSTUDENTS.H
C:\USERS\IBM\DOWNLOADS\LMS-FINAL\LMS-FINAL\LMS\LMS\LMS\LMS\GENERATEDFILES\UI_VIEWTEACHERS.H
C:\USERS\IBM\DOWNLOADS\LMS-FINAL\LMS-FINAL\LMS\LMS\LMS\WIN32\DEBUG\LMS.EXE
C:\USERS\IBM\DOWNLOADS\LMS-FINAL\LMS-FINAL\LMS\LMS\LMS\WIN32\DEBUG\LMS.ILK
C:\USERS\IBM\DOWNLOADS\LMS-FINAL\LMS-FINAL\LMS\LMS\LMS\WIN32\DEBUG\LMS.PDB
C:\USERS\JANEETA\DOWNLOADS\LMS\LMS\LMS\DEBUG\ADDCATEGORY.OBJ
C:\USERS\JANEETA\DOWNLOADS\LMS\LMS\LMS\DEBUG\ADDCOURSE.OBJ
C:\USERS\JANEETA\DOWNLOADS\LMS\LMS\LMS\DEBUG\ADDTEACHER.OBJ
C:\USERS\JANEETA\DOWNLOADS\LMS\LMS\LMS\DEBUG\ADDTEST.OBJ
C:\USERS\JANEETA\DOWNLOADS\LMS\LMS\LMS\DEBUG\ADMIN.OBJ
C:\USERS\JANEETA\DOWNLOADS\LMS\LMS\LMS\DEBUG\ADMINPROFILE.OBJ
C:\USERS\JANEETA\DOWNLOADS\LMS\LMS\LMS\DEBUG\ANSWER.OBJ
C:\USERS\JANEETA\DOWNLOADS\LMS\LMS\LMS\DEBUG\CHANGEPASSWORD.OBJ
C:\USERS\JANEETA\DOWNLOADS\LMS\LMS\LMS\DEBUG\COURSE.OBJ
C:\USERS\JANEETA\DOWNLOADS\LMS\LMS\LMS\DEBUG\DAL.OBJ
C:\USERS\JANEETA\DOWNLOADS\LMS\LMS\LMS\DEBUG\DROPCOURSE.OBJ
C:\USERS\JANEETA\DOWNLOADS\LMS\LMS\LMS\DEBUG\EDITPROFILEN.OBJ
C:\USERS\JANEETA\DOWNLOADS\LMS\LMS\LMS\DEBUG\LMS.EXE.INTERMEDIATE.MANIFEST
C:\USERS\JANEETA\DOWNLOADS\LMS\LMS\LMS\DEBUG\LMS.OBJ
C:\USERS\JANEETA\DOWNLOADS\LMS\LMS\LMS\DEBUG\LMSSYSTEM.OBJ
C:\USERS\JANEETA\DOWNLOADS\LMS\LMS\LMS\DEBUG\LOGIN.OBJ
C:\USERS\JANEETA\DOWNLOADS\LMS\LMS\LMS\DEBUG\MAIN.OBJ
C:\USERS\JANEETA\DOWNLOADS\LMS\LMS\LMS\DEBUG\MOC_ADDCATEGORY.OBJ
C:\USERS\JANEETA\DOWNLOADS\LMS\LMS\LMS\DEBUG\MOC_ADDCOURSE.OBJ
C:\USERS\JANEETA\DOWNLOADS\LMS\LMS\LMS\DEBUG\MOC_ADDTEACHER.OBJ
C:\USERS\JANEETA\DOWNLOADS\LMS\LMS\LMS\DEBUG\MOC_ADDTEST.OBJ
C:\USERS\JANEETA\DOWNLOADS\LMS\LMS\LMS\DEBUG\MOC_ADMINPROFILE.OBJ
C:\USERS\JANEETA\DOWNLOADS\LMS\LMS\LMS\DEBUG\MOC_CHANGEPASSWORD.OBJ
C:\USERS\JANEETA\DOWNLOADS\LMS\LMS\LMS\DEBUG\MOC_DROPCOURSE.OBJ
C:\USERS\JANEETA\DOWNLOADS\LMS\LMS\LMS\DEBUG\MOC_EDITPROFILEN.OBJ
C:\USERS\JANEETA\DOWNLOADS\LMS\LMS\LMS\DEBUG\MOC_LMS.OBJ
C:\USERS\JANEETA\DOWNLOADS\LMS\LMS\LMS\DEBUG\MOC_LOGIN.OBJ
C:\USERS\JANEETA\DOWNLOADS\LMS\LMS\LMS\DEBUG\MOC_SIGNUP.OBJ
C:\USERS\JANEETA\DOWNLOADS\LMS\LMS\LMS\DEBUG\MOC_STUDENTPROFILE.OBJ
C:\USERS\JANEETA\DOWNLOADS\LMS\LMS\LMS\DEBUG\MOC_TEACHERPROFILE.OBJ
C:\USERS\JANEETA\DOWNLOADS\LMS\LMS\LMS\DEBUG\MOC_VIEWSTUDENTS.OBJ
C:\USERS\JANEETA\DOWNLOADS\LMS\LMS\LMS\DEBUG\MOC_VIEWTEACHERS.OBJ
C:\USERS\JANEETA\DOWNLOADS\LMS\LMS\LMS\DEBUG\PERSON.OBJ
C:\USERS\JANEETA\DOWNLOADS\LMS\LMS\LMS\DEBUG\QRC_LMS.OBJ
C:\USERS\JANEETA\DOWNLOADS\LMS\LMS\LMS\DEBUG\QUESTION.OBJ
C:\USERS\JANEETA\DOWNLOADS\LMS\LMS\LMS\DEBUG\SIGNUP.OBJ
C:\USERS\JANEETA\DOWNLOADS\LMS\LMS\LMS\DEBUG\STUDENT.OBJ
C:\USERS\JANEETA\DOWNLOADS\LMS\LMS\LMS\DEBUG\STUDENTPROFILE.OBJ
C:\USERS\JANEETA\DOWNLOADS\LMS\LMS\LMS\DEBUG\TEACHER.OBJ
C:\USERS\JANEETA\DOWNLOADS\LMS\LMS\LMS\DEBUG\TEACHERPROFILE.OBJ
C:\USERS\JANEETA\DOWNLOADS\LMS\LMS\LMS\DEBUG\TEST.OBJ
C:\USERS\JANEETA\DOWNLOADS\LMS\LMS\LMS\DEBUG\VC100.PDB
C:\USERS\JANEETA\DOWNLOADS\LMS\LMS\LMS\DEBUG\VIEWSTUDENTS.OBJ
C:\USERS\JANEETA\DOWNLOADS\LMS\LMS\LMS\DEBUG\VIEWTEACHERS.OBJ
C:\USERS\JANEETA\DOWNLOADS\LMS\LMS\LMS\GENERATEDFILES\DEBUG\MOC_ADDCATEGORY.CPP
C:\USERS\JANEETA\DOWNLOADS\LMS\LMS\LMS\GENERATEDFILES\DEBUG\MOC_ADDCOURSE.CPP
C:\USERS\JANEETA\DOWNLOADS\LMS\LMS\LMS\GENERATEDFILES\DEBUG\MOC_ADDTEACHER.CPP
C:\USERS\JANEETA\DOWNLOADS\LMS\LMS\LMS\GENERATEDFILES\DEBUG\MOC_ADDTEST.CPP
C:\USERS\JANEETA\DOWNLOADS\LMS\LMS\LMS\GENERATEDFILES\DEBUG\MOC_ADMINPROFILE.CPP
C:\USERS\JANEETA\DOWNLOADS\LMS\LMS\LMS\GENERATEDFILES\DEBUG\MOC_CHANGEPASSWORD.CPP
C:\USERS\JANEETA\DOWNLOADS\LMS\LMS\LMS\GENERATEDFILES\DEBUG\MOC_DROPCOURSE.CPP
C:\USERS\JANEETA\DOWNLOADS\LMS\LMS\LMS\GENERATEDFILES\DEBUG\MOC_EDITPROFILEN.CPP
C:\USERS\JANEETA\DOWNLOADS\LMS\LMS\LMS\GENERATEDFILES\DEBUG\MOC_LMS.CPP
C:\USERS\JANEETA\DOWNLOADS\LMS\LMS\LMS\GENERATEDFILES\DEBUG\MOC_LOGIN.CPP
C:\USERS\JANEETA\DOWNLOADS\LMS\LMS\LMS\GENERATEDFILES\DEBUG\MOC_SIGNUP.CPP
C:\USERS\JANEETA\DOWNLOADS\LMS\LMS\LMS\GENERATEDFILES\DEBUG\MOC_STUDENTPROFILE.CPP
C:\USERS\JANEETA\DOWNLOADS\LMS\LMS\LMS\GENERATEDFILES\DEBUG\MOC_TEACHERPROFILE.CPP
C:\USERS\JANEETA\DOWNLOADS\LMS\LMS\LMS\GENERATEDFILES\DEBUG\MOC_VIEWSTUDENTS.CPP
C:\USERS\JANEETA\DOWNLOADS\LMS\LMS\LMS\GENERATEDFILES\DEBUG\MOC_VIEWTEACHERS.CPP
C:\USERS\JANEETA\DOWNLOADS\LMS\LMS\LMS\GENERATEDFILES\QRC_LMS.CPP
C:\USERS\JANEETA\DOWNLOADS\LMS\LMS\LMS\GENERATEDFILES\UI_ADDCATEGORY.H
C:\USERS\JANEETA\DOWNLOADS\LMS\LMS\LMS\GENERATEDFILES\UI_ADDCOURSE.H
C:\USERS\JANEETA\DOWNLOADS\LMS\LMS\LMS\GENERATEDFILES\UI_ADDTEACHER.H
C:\USERS\JANEETA\DOWNLOADS\LMS\LMS\LMS\GENERATEDFILES\UI_ADDTEST.H
C:\USERS\JANEETA\DOWNLOADS\LMS\LMS\LMS\GENERATEDFILES\UI_ADMINPROFILE.H
C:\USERS\JANEETA\DOWNLOADS\LMS\LMS\LMS\GENERATEDFILES\UI_CHANGEPASSWORD.H
C:\USERS\JANEETA\DOWNLOADS\LMS\LMS\LMS\GENERATEDFILES\UI_DROPCOURSE.H
C:\USERS\JANEETA\DOWNLOADS\LMS\LMS\LMS\GENERATEDFILES\UI_EDITPROFILEN.H
C:\USERS\JANEETA\DOWNLOADS\LMS\LMS\LMS\GENERATEDFILES\UI_LMS.H
C:\USERS\JANEETA\DOWNLOADS\LMS\LMS\LMS\GENERATEDFILES\UI_LOGIN.H
C:\USERS\JANEETA\DOWNLOADS\LMS\LMS\LMS\GENERATEDFILES\UI_SIGNUP.H
C:\USERS\JANEETA\DOWNLOADS\LMS\LMS\LMS\GENERATEDFILES\UI_STUDENTPROFILE.H
C:\USERS\JANEETA\DOWNLOADS\LMS\LMS\LMS\GENERATEDFILES\UI_TEACHERPROFILE.H
C:\USERS\JANEETA\DOWNLOADS\LMS\LMS\LMS\GENERATEDFILES\UI_VIEWSTUDENTS.H
C:\USERS\JANEETA\DOWNLOADS\LMS\LMS\LMS\GENERATEDFILES\UI_VIEWTEACHERS.H
C:\USERS\JANEETA\DOWNLOADS\LMS\LMS\WIN32\DEBUG\LMS.EXE
C:\USERS\JANEETA\DOWNLOADS\LMS\LMS\WIN32\DEBUG\LMS.ILK
C:\USERS\JANEETA\DOWNLOADS\LMS\LMS\WIN32\DEBUG\LMS.PDB
D:\DOCUMENTS\OOAD\LMS\LMS\DEBUG\ADDCATEGORY.OBJ
D:\DOCUMENTS\OOAD\LMS\LMS\DEBUG\ADDCOURSE.OBJ
D:\DOCUMENTS\OOAD\LMS\LMS\DEBUG\ADDTEACHER.OBJ
D:\DOCUMENTS\OOAD\LMS\LMS\DEBUG\ADDTEST.OBJ
D:\DOCUMENTS\OOAD\LMS\LMS\DEBUG\ADMIN.OBJ
D:\DOCUMENTS\OOAD\LMS\LMS\DEBUG\ADMINPROFILE.OBJ
D:\DOCUMENTS\OOAD\LMS\LMS\DEBUG\ANSWER.OBJ
D:\DOCUMENTS\OOAD\LMS\LMS\DEBUG\CHANGEPASSWORD.OBJ
D:\DOCUMENTS\OOAD\LMS\LMS\DEBUG\COURSE.OBJ
D:\DOCUMENTS\OOAD\LMS\LMS\DEBUG\DAL.OBJ
D:\DOCUMENTS\OOAD\LMS\LMS\DEBUG\DROPCOURSE.OBJ
D:\DOCUMENTS\OOAD\LMS\LMS\DEBUG\EDITPROFILEN.OBJ
D:\DOCUMENTS\OOAD\LMS\LMS\DEBUG\LMS.OBJ
D:\DOCUMENTS\OOAD\LMS\LMS\DEBUG\LMSSYSTEM.OBJ
D:\DOCUMENTS\OOAD\LMS\LMS\DEBUG\LOGIN.OBJ
D:\DOCUMENTS\OOAD\LMS\LMS\DEBUG\MAIN.OBJ
D:\DOCUMENTS\OOAD\LMS\LMS\DEBUG\MOC_ADDCATEGORY.OBJ
D:\DOCUMENTS\OOAD\LMS\LMS\DEBUG\MOC_ADDCOURSE.OBJ
D:\DOCUMENTS\OOAD\LMS\LMS\DEBUG\MOC_ADDTEACHER.OBJ
D:\DOCUMENTS\OOAD\LMS\LMS\DEBUG\MOC_ADDTEST.OBJ
D:\DOCUMENTS\OOAD\LMS\LMS\DEBUG\MOC_ADMINPROFILE.OBJ
D:\DOCUMENTS\OOAD\LMS\LMS\DEBUG\MOC_CHANGEPASSWORD.OBJ
D:\DOCUMENTS\OOAD\LMS\LMS\DEBUG\MOC_DROPCOURSE.OBJ
D:\DOCUMENTS\OOAD\LMS\LMS\DEBUG\MOC_EDITPROFILEN.OBJ
D:\DOCUMENTS\OOAD\LMS\LMS\DEBUG\MOC_LMS.OBJ
D:\DOCUMENTS\OOAD\LMS\LMS\DEBUG\MOC_LOGIN.OBJ
D:\DOCUMENTS\OOAD\LMS\LMS\DEBUG\MOC_SIGNUP.OBJ
D:\DOCUMENTS\OOAD\LMS\LMS\DEBUG\MOC_STUDENTPROFILE.OBJ
D:\DOCUMENTS\OOAD\LMS\LMS\DEBUG\MOC_TEACHERPROFILE.OBJ
D:\DOCUMENTS\OOAD\LMS\LMS\DEBUG\MOC_VIEWSTUDENTS.OBJ
D:\DOCUMENTS\OOAD\LMS\LMS\DEBUG\MOC_VIEWTEACHERS.OBJ
D:\DOCUMENTS\OOAD\LMS\LMS\DEBUG\PERSON.OBJ
D:\DOCUMENTS\OOAD\LMS\LMS\DEBUG\QRC_LMS.OBJ
D:\DOCUMENTS\OOAD\LMS\LMS\DEBUG\QUESTION.OBJ
D:\DOCUMENTS\OOAD\LMS\LMS\DEBUG\SIGNUP.OBJ
D:\DOCUMENTS\OOAD\LMS\LMS\DEBUG\STUDENT.OBJ
D:\DOCUMENTS\OOAD\LMS\LMS\DEBUG\STUDENTPROFILE.OBJ
D:\DOCUMENTS\OOAD\LMS\LMS\DEBUG\TEACHER.OBJ
D:\DOCUMENTS\OOAD\LMS\LMS\DEBUG\TEACHERPROFILE.OBJ
D:\DOCUMENTS\OOAD\LMS\LMS\DEBUG\TEST.OBJ
D:\DOCUMENTS\OOAD\LMS\LMS\DEBUG\VC100.PDB
D:\DOCUMENTS\OOAD\LMS\LMS\DEBUG\VIEWSTUDENTS.OBJ
D:\DOCUMENTS\OOAD\LMS\LMS\DEBUG\VIEWTEACHERS.OBJ
D:\DOCUMENTS\OOAD\LMS\LMS\GENERATEDFILES\DEBUG\MOC_ADDCATEGORY.CPP
D:\DOCUMENTS\OOAD\LMS\LMS\GENERATEDFILES\DEBUG\MOC_ADDCOURSE.CPP
D:\DOCUMENTS\OOAD\LMS\LMS\GENERATEDFILES\DEBUG\MOC_ADDTEACHER.CPP
D:\DOCUMENTS\OOAD\LMS\LMS\GENERATEDFILES\DEBUG\MOC_ADDTEST.CPP
D:\DOCUMENTS\OOAD\LMS\LMS\GENERATEDFILES\DEBUG\MOC_ADMINPROFILE.CPP
D:\DOCUMENTS\OOAD\LMS\LMS\GENERATEDFILES\DEBUG\MOC_CHANGEPASSWORD.CPP
D:\DOCUMENTS\OOAD\LMS\LMS\GENERATEDFILES\DEBUG\MOC_DROPCOURSE.CPP
D:\DOCUMENTS\OOAD\LMS\LMS\GENERATEDFILES\DEBUG\MOC_EDITPROFILEN.CPP
D:\DOCUMENTS\OOAD\LMS\LMS\GENERATEDFILES\DEBUG\MOC_LMS.CPP
D:\DOCUMENTS\OOAD\LMS\LMS\GENERATEDFILES\DEBUG\MOC_LOGIN.CPP
D:\DOCUMENTS\OOAD\LMS\LMS\GENERATEDFILES\DEBUG\MOC_SIGNUP.CPP
D:\DOCUMENTS\OOAD\LMS\LMS\GENERATEDFILES\DEBUG\MOC_STUDENTPROFILE.CPP
D:\DOCUMENTS\OOAD\LMS\LMS\GENERATEDFILES\DEBUG\MOC_TEACHERPROFILE.CPP
D:\DOCUMENTS\OOAD\LMS\LMS\GENERATEDFILES\DEBUG\MOC_VIEWSTUDENTS.CPP
D:\DOCUMENTS\OOAD\LMS\LMS\GENERATEDFILES\DEBUG\MOC_VIEWTEACHERS.CPP
D:\DOCUMENTS\OOAD\LMS\LMS\GENERATEDFILES\QRC_LMS.CPP
D:\DOCUMENTS\OOAD\LMS\LMS\GENERATEDFILES\UI_ADDCATEGORY.H
D:\DOCUMENTS\OOAD\LMS\LMS\GENERATEDFILES\UI_ADDCOURSE.H
D:\DOCUMENTS\OOAD\LMS\LMS\GENERATEDFILES\UI_ADDTEACHER.H
D:\DOCUMENTS\OOAD\LMS\LMS\GENERATEDFILES\UI_ADDTEST.H
D:\DOCUMENTS\OOAD\LMS\LMS\GENERATEDFILES\UI_ADMINPROFILE.H
D:\DOCUMENTS\OOAD\LMS\LMS\GENERATEDFILES\UI_CHANGEPASSWORD.H
D:\DOCUMENTS\OOAD\LMS\LMS\GENERATEDFILES\UI_DROPCOURSE.H
D:\DOCUMENTS\OOAD\LMS\LMS\GENERATEDFILES\UI_EDITPROFILEN.H
D:\DOCUMENTS\OOAD\LMS\LMS\GENERATEDFILES\UI_LMS.H
D:\DOCUMENTS\OOAD\LMS\LMS\GENERATEDFILES\UI_LOGIN.H
D:\DOCUMENTS\OOAD\LMS\LMS\GENERATEDFILES\UI_SIGNUP.H
D:\DOCUMENTS\OOAD\LMS\LMS\GENERATEDFILES\UI_STUDENTPROFILE.H
D:\DOCUMENTS\OOAD\LMS\LMS\GENERATEDFILES\UI_TEACHERPROFILE.H
D:\DOCUMENTS\OOAD\LMS\LMS\GENERATEDFILES\UI_VIEWSTUDENTS.H
D:\DOCUMENTS\OOAD\LMS\LMS\GENERATEDFILES\UI_VIEWTEACHERS.H
D:\DOCUMENTS\OOAD\LMS\LMS\LMS\LMS\LMS\DEBUG\ADDCOURSE.OBJ
D:\DOCUMENTS\OOAD\LMS\LMS\LMS\LMS\LMS\DEBUG\ADDQUESTION.OBJ
D:\DOCUMENTS\OOAD\LMS\LMS\LMS\LMS\LMS\DEBUG\ADDTEACHER.OBJ
D:\DOCUMENTS\OOAD\LMS\LMS\LMS\LMS\LMS\DEBUG\ADMIN.OBJ
D:\DOCUMENTS\OOAD\LMS\LMS\LMS\LMS\LMS\DEBUG\ADMINPROFILE.OBJ
D:\DOCUMENTS\OOAD\LMS\LMS\LMS\LMS\LMS\DEBUG\ANSWER.OBJ
D:\DOCUMENTS\OOAD\LMS\LMS\LMS\LMS\LMS\DEBUG\CHANGEPASSWORD.OBJ
D:\DOCUMENTS\OOAD\LMS\LMS\LMS\LMS\LMS\DEBUG\CHOOSEEXERCISE.OBJ
D:\DOCUMENTS\OOAD\LMS\LMS\LMS\LMS\LMS\DEBUG\COURSE.OBJ
D:\DOCUMENTS\OOAD\LMS\LMS\LMS\LMS\LMS\DEBUG\DAL.OBJ
D:\DOCUMENTS\OOAD\LMS\LMS\LMS\LMS\LMS\DEBUG\DETAILEDRESULT.OBJ
D:\DOCUMENTS\OOAD\LMS\LMS\LMS\LMS\LMS\DEBUG\DROPCOURSE.OBJ
D:\DOCUMENTS\OOAD\LMS\LMS\LMS\LMS\LMS\DEBUG\EDITNEXTQUESTION.OBJ
D:\DOCUMENTS\OOAD\LMS\LMS\LMS\LMS\LMS\DEBUG\EDITPROFILEN.OBJ
D:\DOCUMENTS\OOAD\LMS\LMS\LMS\LMS\LMS\DEBUG\EDITTEST.OBJ
D:\DOCUMENTS\OOAD\LMS\LMS\LMS\LMS\LMS\DEBUG\EXERCISE.OBJ
D:\DOCUMENTS\OOAD\LMS\LMS\LMS\LMS\LMS\DEBUG\EXERCISEQ.OBJ
D:\DOCUMENTS\OOAD\LMS\LMS\LMS\LMS\LMS\DEBUG\LMS.EXE.INTERMEDIATE.MANIFEST
D:\DOCUMENTS\OOAD\LMS\LMS\LMS\LMS\LMS\DEBUG\LMS.OBJ
D:\DOCUMENTS\OOAD\LMS\LMS\LMS\LMS\LMS\DEBUG\LMSSYSTEM.OBJ
D:\DOCUMENTS\OOAD\LMS\LMS\LMS\LMS\LMS\DEBUG\LOGIN.OBJ
D:\DOCUMENTS\OOAD\LMS\LMS\LMS\LMS\LMS\DEBUG\MAIN.OBJ
D:\DOCUMENTS\OOAD\LMS\LMS\LMS\LMS\LMS\DEBUG\MOC_ADDCOURSE.OBJ
D:\DOCUMENTS\OOAD\LMS\LMS\LMS\LMS\LMS\DEBUG\MOC_ADDQUESTION.OBJ
D:\DOCUMENTS\OOAD\LMS\LMS\LMS\LMS\LMS\DEBUG\MOC_ADDTEACHER.OBJ
D:\DOCUMENTS\OOAD\LMS\LMS\LMS\LMS\LMS\DEBUG\MOC_ADMINPROFILE.OBJ
D:\DOCUMENTS\OOAD\LMS\LMS\LMS\LMS\LMS\DEBUG\MOC_CHANGEPASSWORD.OBJ
D:\DOCUMENTS\OOAD\LMS\LMS\LMS\LMS\LMS\DEBUG\MOC_CHOOSEEXERCISE.OBJ
D:\DOCUMENTS\OOAD\LMS\LMS\LMS\LMS\LMS\DEBUG\MOC_DETAILEDRESULT.OBJ
D:\DOCUMENTS\OOAD\LMS\LMS\LMS\LMS\LMS\DEBUG\MOC_DROPCOURSE.OBJ
D:\DOCUMENTS\OOAD\LMS\LMS\LMS\LMS\LMS\DEBUG\MOC_EDITNEXTQUESTION.OBJ
D:\DOCUMENTS\OOAD\LMS\LMS\LMS\LMS\LMS\DEBUG\MOC_EDITPROFILEN.OBJ
D:\DOCUMENTS\OOAD\LMS\LMS\LMS\LMS\LMS\DEBUG\MOC_EDITTEST.OBJ
D:\DOCUMENTS\OOAD\LMS\LMS\LMS\LMS\LMS\DEBUG\MOC_EXERCISEQ.OBJ
D:\DOCUMENTS\OOAD\LMS\LMS\LMS\LMS\LMS\DEBUG\MOC_LMS.OBJ
D:\DOCUMENTS\OOAD\LMS\LMS\LMS\LMS\LMS\DEBUG\MOC_LOGIN.OBJ
D:\DOCUMENTS\OOAD\LMS\LMS\LMS\LMS\LMS\DEBUG\MOC_NEXTQUESTION.OBJ
D:\DOCUMENTS\OOAD\LMS\LMS\LMS\LMS\LMS\DEBUG\MOC_SEENEXTQUESTION.OBJ
D:\DOCUMENTS\OOAD\LMS\LMS\LMS\LMS\LMS\DEBUG\MOC_SELECTCOURSE.OBJ
D:\DOCUMENTS\OOAD\LMS\LMS\LMS\LMS\LMS\DEBUG\MOC_SELECTTEST.OBJ
D:\DOCUMENTS\OOAD\LMS\LMS\LMS\LMS\LMS\DEBUG\MOC_SETTESTSTART.OBJ
D:\DOCUMENTS\OOAD\LMS\LMS\LMS\LMS\LMS\DEBUG\MOC_SIGNUP.OBJ
D:\DOCUMENTS\OOAD\LMS\LMS\LMS\LMS\LMS\DEBUG\MOC_STUDENTPROFILE.OBJ
D:\DOCUMENTS\OOAD\LMS\LMS\LMS\LMS\LMS\DEBUG\MOC_TAKEQUIZ.OBJ
D:\DOCUMENTS\OOAD\LMS\LMS\LMS\LMS\LMS\DEBUG\MOC_TEACHERPROFILE.OBJ
D:\DOCUMENTS\OOAD\LMS\LMS\LMS\LMS\LMS\DEBUG\MOC_VIEWPREVIOUSRESULTS.OBJ
D:\DOCUMENTS\OOAD\LMS\LMS\LMS\LMS\LMS\DEBUG\MOC_VIEWRESULT.OBJ
D:\DOCUMENTS\OOAD\LMS\LMS\LMS\LMS\LMS\DEBUG\MOC_VIEWSTUDENTS.OBJ
D:\DOCUMENTS\OOAD\LMS\LMS\LMS\LMS\LMS\DEBUG\MOC_VIEWTEACHERS.OBJ
D:\DOCUMENTS\OOAD\LMS\LMS\LMS\LMS\LMS\DEBUG\NEXTQUESTION.OBJ
D:\DOCUMENTS\OOAD\LMS\LMS\LMS\LMS\LMS\DEBUG\PERSON.OBJ
D:\DOCUMENTS\OOAD\LMS\LMS\LMS\LMS\LMS\DEBUG\QRC_LMS.OBJ
D:\DOCUMENTS\OOAD\LMS\LMS\LMS\LMS\LMS\DEBUG\QUESTION.OBJ
D:\DOCUMENTS\OOAD\LMS\LMS\LMS\LMS\LMS\DEBUG\RESULT.OBJ
D:\DOCUMENTS\OOAD\LMS\LMS\LMS\LMS\LMS\DEBUG\SEENEXTQUESTION.OBJ
D:\DOCUMENTS\OOAD\LMS\LMS\LMS\LMS\LMS\DEBUG\SELECTCOURSE.OBJ
D:\DOCUMENTS\OOAD\LMS\LMS\LMS\LMS\LMS\DEBUG\SELECTTEST.OBJ
D:\DOCUMENTS\OOAD\LMS\LMS\LMS\LMS\LMS\DEBUG\SETTESTSTART.OBJ
D:\DOCUMENTS\OOAD\LMS\LMS\LMS\LMS\LMS\DEBUG\SHORTQUESTION.OBJ
D:\DOCUMENTS\OOAD\LMS\LMS\LMS\LMS\LMS\DEBUG\SIGNUP.OBJ
D:\DOCUMENTS\OOAD\LMS\LMS\LMS\LMS\LMS\DEBUG\STUDENT.OBJ
D:\DOCUMENTS\OOAD\LMS\LMS\LMS\LMS\LMS\DEBUG\STUDENTPROFILE.OBJ
D:\DOCUMENTS\OOAD\LMS\LMS\LMS\LMS\LMS\DEBUG\TAKEQUIZ.OBJ
D:\DOCUMENTS\OOAD\LMS\LMS\LMS\LMS\LMS\DEBUG\TEACHER.OBJ
D:\DOCUMENTS\OOAD\LMS\LMS\LMS\LMS\LMS\DEBUG\TEACHERPROFILE.OBJ
D:\DOCUMENTS\OOAD\LMS\LMS\LMS\LMS\LMS\DEBUG\TEST.OBJ
D:\DOCUMENTS\OOAD\LMS\LMS\LMS\LMS\LMS\DEBUG\VC100.PDB
D:\DOCUMENTS\OOAD\LMS\LMS\LMS\LMS\LMS\DEBUG\VIEWPREVIOUSRESULTS.OBJ
D:\DOCUMENTS\OOAD\LMS\LMS\LMS\LMS\LMS\DEBUG\VIEWRESULT.OBJ
D:\DOCUMENTS\OOAD\LMS\LMS\LMS\LMS\LMS\DEBUG\VIEWSTUDENTS.OBJ
D:\DOCUMENTS\OOAD\LMS\LMS\LMS\LMS\LMS\DEBUG\VIEWTEACHERS.OBJ
D:\DOCUMENTS\OOAD\LMS\LMS\LMS\LMS\LMS\GENERATEDFILES\DEBUG\MOC_ADDCOURSE.CPP
D:\DOCUMENTS\OOAD\LMS\LMS\LMS\LMS\LMS\GENERATEDFILES\DEBUG\MOC_ADDQUESTION.CPP
D:\DOCUMENTS\OOAD\LMS\LMS\LMS\LMS\LMS\GENERATEDFILES\DEBUG\MOC_ADDTEACHER.CPP
D:\DOCUMENTS\OOAD\LMS\LMS\LMS\LMS\LMS\GENERATEDFILES\DEBUG\MOC_ADMINPROFILE.CPP
D:\DOCUMENTS\OOAD\LMS\LMS\LMS\LMS\LMS\GENERATEDFILES\DEBUG\MOC_CHANGEPASSWORD.CPP
D:\DOCUMENTS\OOAD\LMS\LMS\LMS\LMS\LMS\GENERATEDFILES\DEBUG\MOC_CHOOSEEXERCISE.CPP
D:\DOCUMENTS\OOAD\LMS\LMS\LMS\LMS\LMS\GENERATEDFILES\DEBUG\MOC_DETAILEDRESULT.CPP
D:\DOCUMENTS\OOAD\LMS\LMS\LMS\LMS\LMS\GENERATEDFILES\DEBUG\MOC_DROPCOURSE.CPP
D:\DOCUMENTS\OOAD\LMS\LMS\LMS\LMS\LMS\GENERATEDFILES\DEBUG\MOC_EDITNEXTQUESTION.CPP
D:\DOCUMENTS\OOAD\LMS\LMS\LMS\LMS\LMS\GENERATEDFILES\DEBUG\MOC_EDITPROFILEN.CPP
D:\DOCUMENTS\OOAD\LMS\LMS\LMS\LMS\LMS\GENERATEDFILES\DEBUG\MOC_EDITTEST.CPP
D:\DOCUMENTS\OOAD\LMS\LMS\LMS\LMS\LMS\GENERATEDFILES\DEBUG\MOC_EXERCISEQ.CPP
D:\DOCUMENTS\OOAD\LMS\LMS\LMS\LMS\LMS\GENERATEDFILES\DEBUG\MOC_LMS.CPP
D:\DOCUMENTS\OOAD\LMS\LMS\LMS\LMS\LMS\GENERATEDFILES\DEBUG\MOC_LOGIN.CPP
D:\DOCUMENTS\OOAD\LMS\LMS\LMS\LMS\LMS\GENERATEDFILES\DEBUG\MOC_NEXTQUESTION.CPP
D:\DOCUMENTS\OOAD\LMS\LMS\LMS\LMS\LMS\GENERATEDFILES\DEBUG\MOC_SEENEXTQUESTION.CPP
D:\DOCUMENTS\OOAD\LMS\LMS\LMS\LMS\LMS\GENERATEDFILES\DEBUG\MOC_SELECTCOURSE.CPP
D:\DOCUMENTS\OOAD\LMS\LMS\LMS\LMS\LMS\GENERATEDFILES\DEBUG\MOC_SELECTTEST.CPP
D:\DOCUMENTS\OOAD\LMS\LMS\LMS\LMS\LMS\GENERATEDFILES\DEBUG\MOC_SETTESTSTART.CPP
D:\DOCUMENTS\OOAD\LMS\LMS\LMS\LMS\LMS\GENERATEDFILES\DEBUG\MOC_SIGNUP.CPP
D:\DOCUMENTS\OOAD\LMS\LMS\LMS\LMS\LMS\GENERATEDFILES\DEBUG\MOC_STUDENTPROFILE.CPP
D:\DOCUMENTS\OOAD\LMS\LMS\LMS\LMS\LMS\GENERATEDFILES\DEBUG\MOC_TAKEQUIZ.CPP
D:\DOCUMENTS\OOAD\LMS\LMS\LMS\LMS\LMS\GENERATEDFILES\DEBUG\MOC_TEACHERPROFILE.CPP
D:\DOCUMENTS\OOAD\LMS\LMS\LMS\LMS\LMS\GENERATEDFILES\DEBUG\MOC_VIEWPREVIOUSRESULTS.CPP
D:\DOCUMENTS\OOAD\LMS\LMS\LMS\LMS\LMS\GENERATEDFILES\DEBUG\MOC_VIEWRESULT.CPP
D:\DOCUMENTS\OOAD\LMS\LMS\LMS\LMS\LMS\GENERATEDFILES\DEBUG\MOC_VIEWSTUDENTS.CPP
D:\DOCUMENTS\OOAD\LMS\LMS\LMS\LMS\LMS\GENERATEDFILES\DEBUG\MOC_VIEWTEACHERS.CPP
D:\DOCUMENTS\OOAD\LMS\LMS\LMS\LMS\LMS\GENERATEDFILES\QRC_LMS.CPP
D:\DOCUMENTS\OOAD\LMS\LMS\LMS\LMS\LMS\GENERATEDFILES\UI_ADDCOURSE.H
D:\DOCUMENTS\OOAD\LMS\LMS\LMS\LMS\LMS\GENERATEDFILES\UI_ADDQUESTION.H
D:\DOCUMENTS\OOAD\LMS\LMS\LMS\LMS\LMS\GENERATEDFILES\UI_ADDTEACHER.H
D:\DOCUMENTS\OOAD\LMS\LMS\LMS\LMS\LMS\GENERATEDFILES\UI_ADMINPROFILE.H
D:\DOCUMENTS\OOAD\LMS\LMS\LMS\LMS\LMS\GENERATEDFILES\UI_CHANGEPASSWORD.H
D:\DOCUMENTS\OOAD\LMS\LMS\LMS\LMS\LMS\GENERATEDFILES\UI_CHOOSEEXERCISE.H
D:\DOCUMENTS\OOAD\LMS\LMS\LMS\LMS\LMS\GENERATEDFILES\UI_DETAILEDRESULT.H
D:\DOCUMENTS\OOAD\LMS\LMS\LMS\LMS\LMS\GENERATEDFILES\UI_DROPCOURSE.H
D:\DOCUMENTS\OOAD\LMS\LMS\LMS\LMS\LMS\GENERATEDFILES\UI_EDITNEXTQUESTION.H
D:\DOCUMENTS\OOAD\LMS\LMS\LMS\LMS\LMS\GENERATEDFILES\UI_EDITPROFILEN.H
D:\DOCUMENTS\OOAD\LMS\LMS\LMS\LMS\LMS\GENERATEDFILES\UI_EDITTEST.H
D:\DOCUMENTS\OOAD\LMS\LMS\LMS\LMS\LMS\GENERATEDFILES\UI_EXERCISEQ.H
D:\DOCUMENTS\OOAD\LMS\LMS\LMS\LMS\LMS\GENERATEDFILES\UI_LMS.H
D:\DOCUMENTS\OOAD\LMS\LMS\LMS\LMS\LMS\GENERATEDFILES\UI_LOGIN.H
D:\DOCUMENTS\OOAD\LMS\LMS\LMS\LMS\LMS\GENERATEDFILES\UI_NEXTQUESTION.H
D:\DOCUMENTS\OOAD\LMS\LMS\LMS\LMS\LMS\GENERATEDFILES\UI_SEENEXTQUESTION.H
D:\DOCUMENTS\OOAD\LMS\LMS\LMS\LMS\LMS\GENERATEDFILES\UI_SELECTCOURSE.H
D:\DOCUMENTS\OOAD\LMS\LMS\LMS\LMS\LMS\GENERATEDFILES\UI_SELECTTEST.H
D:\DOCUMENTS\OOAD\LMS\LMS\LMS\LMS\LMS\GENERATEDFILES\UI_SETTESTSTART.H
D:\DOCUMENTS\OOAD\LMS\LMS\LMS\LMS\LMS\GENERATEDFILES\UI_SIGNUP.H
D:\DOCUMENTS\OOAD\LMS\LMS\LMS\LMS\LMS\GENERATEDFILES\UI_STUDENTPROFILE.H
D:\DOCUMENTS\OOAD\LMS\LMS\LMS\LMS\LMS\GENERATEDFILES\UI_TAKEQUIZ.H
D:\DOCUMENTS\OOAD\LMS\LMS\LMS\LMS\LMS\GENERATEDFILES\UI_TEACHERPROFILE.H
D:\DOCUMENTS\OOAD\LMS\LMS\LMS\LMS\LMS\GENERATEDFILES\UI_VIEWPREVIOUSRESULTS.H
D:\DOCUMENTS\OOAD\LMS\LMS\LMS\LMS\LMS\GENERATEDFILES\UI_VIEWRESULT.H
D:\DOCUMENTS\OOAD\LMS\LMS\LMS\LMS\LMS\GENERATEDFILES\UI_VIEWSTUDENTS.H
D:\DOCUMENTS\OOAD\LMS\LMS\LMS\LMS\LMS\GENERATEDFILES\UI_VIEWTEACHERS.H
D:\DOCUMENTS\OOAD\LMS\LMS\LMS\LMS\WIN32\DEBUG\LMS.EXE
D:\DOCUMENTS\OOAD\LMS\LMS\LMS\LMS\WIN32\DEBUG\LMS.ILK
D:\DOCUMENTS\OOAD\LMS\LMS\LMS\LMS\WIN32\DEBUG\LMS.PDB
D:\LMS\LMS\LMS\LMS\DEBUG\ADDCATEGORY.OBJ
D:\LMS\LMS\LMS\LMS\DEBUG\ADDCOURSE.OBJ
D:\LMS\LMS\LMS\LMS\DEBUG\ADDQUESTION.OBJ
D:\LMS\LMS\LMS\LMS\DEBUG\ADDTEACHER.OBJ
D:\LMS\LMS\LMS\LMS\DEBUG\ADDTEST.OBJ
D:\LMS\LMS\LMS\LMS\DEBUG\ADMIN.OBJ
D:\LMS\LMS\LMS\LMS\DEBUG\ADMINPROFILE.OBJ
D:\LMS\LMS\LMS\LMS\DEBUG\ANSWER.OBJ
D:\LMS\LMS\LMS\LMS\DEBUG\CHANGEPASSWORD.OBJ
D:\LMS\LMS\LMS\LMS\DEBUG\COURSE.OBJ
D:\LMS\LMS\LMS\LMS\DEBUG\DAL.OBJ
D:\LMS\LMS\LMS\LMS\DEBUG\DROPCOURSE.OBJ
D:\LMS\LMS\LMS\LMS\DEBUG\EDITNEXTQUESTION.OBJ
D:\LMS\LMS\LMS\LMS\DEBUG\EDITPROFILEN.OBJ
D:\LMS\LMS\LMS\LMS\DEBUG\EDITTEST.OBJ
D:\LMS\LMS\LMS\LMS\DEBUG\LMS.EXE.INTERMEDIATE.MANIFEST
D:\LMS\LMS\LMS\LMS\DEBUG\LMS.OBJ
D:\LMS\LMS\LMS\LMS\DEBUG\LMSSYSTEM.OBJ
D:\LMS\LMS\LMS\LMS\DEBUG\LOGIN.OBJ
D:\LMS\LMS\LMS\LMS\DEBUG\MAIN.OBJ
D:\LMS\LMS\LMS\LMS\DEBUG\MOC_ADDCATEGORY.OBJ
D:\LMS\LMS\LMS\LMS\DEBUG\MOC_ADDCOURSE.OBJ
D:\LMS\LMS\LMS\LMS\DEBUG\MOC_ADDQUESTION.OBJ
D:\LMS\LMS\LMS\LMS\DEBUG\MOC_ADDTEACHER.OBJ
D:\LMS\LMS\LMS\LMS\DEBUG\MOC_ADDTEST.OBJ
D:\LMS\LMS\LMS\LMS\DEBUG\MOC_ADMINPROFILE.OBJ
D:\LMS\LMS\LMS\LMS\DEBUG\MOC_CHANGEPASSWORD.OBJ
D:\LMS\LMS\LMS\LMS\DEBUG\MOC_DROPCOURSE.OBJ
D:\LMS\LMS\LMS\LMS\DEBUG\MOC_EDITNEXTQUESTION.OBJ
D:\LMS\LMS\LMS\LMS\DEBUG\MOC_EDITPROFILEN.OBJ
D:\LMS\LMS\LMS\LMS\DEBUG\MOC_EDITTEST.OBJ
D:\LMS\LMS\LMS\LMS\DEBUG\MOC_LMS.OBJ
D:\LMS\LMS\LMS\LMS\DEBUG\MOC_LOGIN.OBJ
D:\LMS\LMS\LMS\LMS\DEBUG\MOC_NEXTQUESTION.OBJ
D:\LMS\LMS\LMS\LMS\DEBUG\MOC_SELECTCOURSE.OBJ
D:\LMS\LMS\LMS\LMS\DEBUG\MOC_SELECTTEST.OBJ
D:\LMS\LMS\LMS\LMS\DEBUG\MOC_SETTESTSTART.OBJ
D:\LMS\LMS\LMS\LMS\DEBUG\MOC_SIGNUP.OBJ
D:\LMS\LMS\LMS\LMS\DEBUG\MOC_STUDENTPROFILE.OBJ
D:\LMS\LMS\LMS\LMS\DEBUG\MOC_TEACHERPROFILE.OBJ
D:\LMS\LMS\LMS\LMS\DEBUG\MOC_VIEWSTUDENTS.OBJ
D:\LMS\LMS\LMS\LMS\DEBUG\MOC_VIEWTEACHERS.OBJ
D:\LMS\LMS\LMS\LMS\DEBUG\NEXTQUESTION.OBJ
D:\LMS\LMS\LMS\LMS\DEBUG\PERSON.OBJ
D:\LMS\LMS\LMS\LMS\DEBUG\QRC_LMS.OBJ
D:\LMS\LMS\LMS\LMS\DEBUG\QUESTION.OBJ
D:\LMS\LMS\LMS\LMS\DEBUG\SELECTCOURSE.OBJ
D:\LMS\LMS\LMS\LMS\DEBUG\SELECTTEST.OBJ
D:\LMS\LMS\LMS\LMS\DEBUG\SETTESTSTART.OBJ
D:\LMS\LMS\LMS\LMS\DEBUG\SIGNUP.OBJ
D:\LMS\LMS\LMS\LMS\DEBUG\STUDENT.OBJ
D:\LMS\LMS\LMS\LMS\DEBUG\STUDENTPROFILE.OBJ
D:\LMS\LMS\LMS\LMS\DEBUG\TEACHER.OBJ
D:\LMS\LMS\LMS\LMS\DEBUG\TEACHERPROFILE.OBJ
D:\LMS\LMS\LMS\LMS\DEBUG\TEST.OBJ
D:\LMS\LMS\LMS\LMS\DEBUG\VC100.PDB
D:\LMS\LMS\LMS\LMS\DEBUG\VIEWSTUDENTS.OBJ
D:\LMS\LMS\LMS\LMS\DEBUG\VIEWTEACHERS.OBJ
D:\LMS\LMS\LMS\LMS\GENERATEDFILES\DEBUG\MOC_ADDCATEGORY.CPP
D:\LMS\LMS\LMS\LMS\GENERATEDFILES\DEBUG\MOC_ADDCOURSE.CPP
D:\LMS\LMS\LMS\LMS\GENERATEDFILES\DEBUG\MOC_ADDQUESTION.CPP
D:\LMS\LMS\LMS\LMS\GENERATEDFILES\DEBUG\MOC_ADDTEACHER.CPP
D:\LMS\LMS\LMS\LMS\GENERATEDFILES\DEBUG\MOC_ADDTEST.CPP
D:\LMS\LMS\LMS\LMS\GENERATEDFILES\DEBUG\MOC_ADMINPROFILE.CPP
D:\LMS\LMS\LMS\LMS\GENERATEDFILES\DEBUG\MOC_CHANGEPASSWORD.CPP
D:\LMS\LMS\LMS\LMS\GENERATEDFILES\DEBUG\MOC_DROPCOURSE.CPP
D:\LMS\LMS\LMS\LMS\GENERATEDFILES\DEBUG\MOC_EDITNEXTQUESTION.CPP
D:\LMS\LMS\LMS\LMS\GENERATEDFILES\DEBUG\MOC_EDITPROFILEN.CPP
D:\LMS\LMS\LMS\LMS\GENERATEDFILES\DEBUG\MOC_EDITTEST.CPP
D:\LMS\LMS\LMS\LMS\GENERATEDFILES\DEBUG\MOC_LMS.CPP
D:\LMS\LMS\LMS\LMS\GENERATEDFILES\DEBUG\MOC_LOGIN.CPP
D:\LMS\LMS\LMS\LMS\GENERATEDFILES\DEBUG\MOC_NEXTQUESTION.CPP
D:\LMS\LMS\LMS\LMS\GENERATEDFILES\DEBUG\MOC_SELECTCOURSE.CPP
D:\LMS\LMS\LMS\LMS\GENERATEDFILES\DEBUG\MOC_SELECTTEST.CPP
D:\LMS\LMS\LMS\LMS\GENERATEDFILES\DEBUG\MOC_SETTESTSTART.CPP
D:\LMS\LMS\LMS\LMS\GENERATEDFILES\DEBUG\MOC_SIGNUP.CPP
D:\LMS\LMS\LMS\LMS\GENERATEDFILES\DEBUG\MOC_STUDENTPROFILE.CPP
D:\LMS\LMS\LMS\LMS\GENERATEDFILES\DEBUG\MOC_TEACHERPROFILE.CPP
D:\LMS\LMS\LMS\LMS\GENERATEDFILES\DEBUG\MOC_VIEWSTUDENTS.CPP
D:\LMS\LMS\LMS\LMS\GENERATEDFILES\DEBUG\MOC_VIEWTEACHERS.CPP
D:\LMS\LMS\LMS\LMS\GENERATEDFILES\QRC_LMS.CPP
D:\LMS\LMS\LMS\LMS\GENERATEDFILES\UI_ADDCATEGORY.H
D:\LMS\LMS\LMS\LMS\GENERATEDFILES\UI_ADDCOURSE.H
D:\LMS\LMS\LMS\LMS\GENERATEDFILES\UI_ADDQUESTION.H
D:\LMS\LMS\LMS\LMS\GENERATEDFILES\UI_ADDTEACHER.H
D:\LMS\LMS\LMS\LMS\GENERATEDFILES\UI_ADDTEST.H
D:\LMS\LMS\LMS\LMS\GENERATEDFILES\UI_ADMINPROFILE.H
D:\LMS\LMS\LMS\LMS\GENERATEDFILES\UI_CHANGEPASSWORD.H
D:\LMS\LMS\LMS\LMS\GENERATEDFILES\UI_DROPCOURSE.H
D:\LMS\LMS\LMS\LMS\GENERATEDFILES\UI_EDITNEXTQUESTION.H
D:\LMS\LMS\LMS\LMS\GENERATEDFILES\UI_EDITPROFILEN.H
D:\LMS\LMS\LMS\LMS\GENERATEDFILES\UI_EDITTEST.H
D:\LMS\LMS\LMS\LMS\GENERATEDFILES\UI_LMS.H
D:\LMS\LMS\LMS\LMS\GENERATEDFILES\UI_LOGIN.H
D:\LMS\LMS\LMS\LMS\GENERATEDFILES\UI_NEXTQUESTION.H
D:\LMS\LMS\LMS\LMS\GENERATEDFILES\UI_SELECTCOURSE.H
D:\LMS\LMS\LMS\LMS\GENERATEDFILES\UI_SELECTTEST.H
D:\LMS\LMS\LMS\LMS\GENERATEDFILES\UI_SETTESTSTART.H
D:\LMS\LMS\LMS\LMS\GENERATEDFILES\UI_SIGNUP.H
D:\LMS\LMS\LMS\LMS\GENERATEDFILES\UI_STUDENTPROFILE.H
D:\LMS\LMS\LMS\LMS\GENERATEDFILES\UI_TEACHERPROFILE.H
D:\LMS\LMS\LMS\LMS\GENERATEDFILES\UI_VIEWSTUDENTS.H
D:\LMS\LMS\LMS\LMS\GENERATEDFILES\UI_VIEWTEACHERS.H
D:\LMS\LMS\LMS\WIN32\DEBUG\LMS.EXE
D:\LMS\LMS\LMS\WIN32\DEBUG\LMS.ILK
D:\LMS\LMS\LMS\WIN32\DEBUG\LMS.PDB
G:\LMS\LMS\LMS\LMS\LMS\DEBUG\ADDCOURSE.OBJ
G:\LMS\LMS\LMS\LMS\LMS\DEBUG\ADDQUESTION.OBJ
G:\LMS\LMS\LMS\LMS\LMS\DEBUG\ADDTEACHER.OBJ
G:\LMS\LMS\LMS\LMS\LMS\DEBUG\ADMIN.OBJ
G:\LMS\LMS\LMS\LMS\LMS\DEBUG\ADMINPROFILE.OBJ
G:\LMS\LMS\LMS\LMS\LMS\DEBUG\ANSWER.OBJ
G:\LMS\LMS\LMS\LMS\LMS\DEBUG\CHANGEPASSWORD.OBJ
G:\LMS\LMS\LMS\LMS\LMS\DEBUG\COURSE.OBJ
G:\LMS\LMS\LMS\LMS\LMS\DEBUG\DAL.OBJ
G:\LMS\LMS\LMS\LMS\LMS\DEBUG\DETAILEDRESULT.OBJ
G:\LMS\LMS\LMS\LMS\LMS\DEBUG\DROPCOURSE.OBJ
G:\LMS\LMS\LMS\LMS\LMS\DEBUG\EDITNEXTQUESTION.OBJ
G:\LMS\LMS\LMS\LMS\LMS\DEBUG\EDITPROFILEN.OBJ
G:\LMS\LMS\LMS\LMS\LMS\DEBUG\EDITTEST.OBJ
G:\LMS\LMS\LMS\LMS\LMS\DEBUG\LMS.EXE.INTERMEDIATE.MANIFEST
G:\LMS\LMS\LMS\LMS\LMS\DEBUG\LMS.OBJ
G:\LMS\LMS\LMS\LMS\LMS\DEBUG\LMSSYSTEM.OBJ
G:\LMS\LMS\LMS\LMS\LMS\DEBUG\LOGIN.OBJ
G:\LMS\LMS\LMS\LMS\LMS\DEBUG\MAIN.OBJ
G:\LMS\LMS\LMS\LMS\LMS\DEBUG\MOC_ADDCOURSE.OBJ
G:\LMS\LMS\LMS\LMS\LMS\DEBUG\MOC_ADDQUESTION.OBJ
G:\LMS\LMS\LMS\LMS\LMS\DEBUG\MOC_ADDTEACHER.OBJ
G:\LMS\LMS\LMS\LMS\LMS\DEBUG\MOC_ADMINPROFILE.OBJ
G:\LMS\LMS\LMS\LMS\LMS\DEBUG\MOC_CHANGEPASSWORD.OBJ
G:\LMS\LMS\LMS\LMS\LMS\DEBUG\MOC_DETAILEDRESULT.OBJ
G:\LMS\LMS\LMS\LMS\LMS\DEBUG\MOC_DROPCOURSE.OBJ
G:\LMS\LMS\LMS\LMS\LMS\DEBUG\MOC_EDITNEXTQUESTION.OBJ
G:\LMS\LMS\LMS\LMS\LMS\DEBUG\MOC_EDITPROFILEN.OBJ
G:\LMS\LMS\LMS\LMS\LMS\DEBUG\MOC_EDITTEST.OBJ
G:\LMS\LMS\LMS\LMS\LMS\DEBUG\MOC_LMS.OBJ
G:\LMS\LMS\LMS\LMS\LMS\DEBUG\MOC_LOGIN.OBJ
G:\LMS\LMS\LMS\LMS\LMS\DEBUG\MOC_NEXTQUESTION.OBJ
G:\LMS\LMS\LMS\LMS\LMS\DEBUG\MOC_SEENEXTQUESTION.OBJ
G:\LMS\LMS\LMS\LMS\LMS\DEBUG\MOC_SELECTCOURSE.OBJ
G:\LMS\LMS\LMS\LMS\LMS\DEBUG\MOC_SELECTTEST.OBJ
G:\LMS\LMS\LMS\LMS\LMS\DEBUG\MOC_SETTESTSTART.OBJ
G:\LMS\LMS\LMS\LMS\LMS\DEBUG\MOC_SIGNUP.OBJ
G:\LMS\LMS\LMS\LMS\LMS\DEBUG\MOC_STUDENTPROFILE.OBJ
G:\LMS\LMS\LMS\LMS\LMS\DEBUG\MOC_TAKEQUIZ.OBJ
G:\LMS\LMS\LMS\LMS\LMS\DEBUG\MOC_TEACHERPROFILE.OBJ
G:\LMS\LMS\LMS\LMS\LMS\DEBUG\MOC_VIEWPREVIOUSRESULTS.OBJ
G:\LMS\LMS\LMS\LMS\LMS\DEBUG\MOC_VIEWRESULT.OBJ
G:\LMS\LMS\LMS\LMS\LMS\DEBUG\MOC_VIEWSTUDENTS.OBJ
G:\LMS\LMS\LMS\LMS\LMS\DEBUG\MOC_VIEWTEACHERS.OBJ
G:\LMS\LMS\LMS\LMS\LMS\DEBUG\NEXTQUESTION.OBJ
G:\LMS\LMS\LMS\LMS\LMS\DEBUG\PERSON.OBJ
G:\LMS\LMS\LMS\LMS\LMS\DEBUG\QRC_LMS.OBJ
G:\LMS\LMS\LMS\LMS\LMS\DEBUG\QUESTION.OBJ
G:\LMS\LMS\LMS\LMS\LMS\DEBUG\RESULT.OBJ
G:\LMS\LMS\LMS\LMS\LMS\DEBUG\SEENEXTQUESTION.OBJ
G:\LMS\LMS\LMS\LMS\LMS\DEBUG\SELECTCOURSE.OBJ
G:\LMS\LMS\LMS\LMS\LMS\DEBUG\SELECTTEST.OBJ
G:\LMS\LMS\LMS\LMS\LMS\DEBUG\SETTESTSTART.OBJ
G:\LMS\LMS\LMS\LMS\LMS\DEBUG\SIGNUP.OBJ
G:\LMS\LMS\LMS\LMS\LMS\DEBUG\STUDENT.OBJ
G:\LMS\LMS\LMS\LMS\LMS\DEBUG\STUDENTPROFILE.OBJ
G:\LMS\LMS\LMS\LMS\LMS\DEBUG\TAKEQUIZ.OBJ
G:\LMS\LMS\LMS\LMS\LMS\DEBUG\TEACHER.OBJ
G:\LMS\LMS\LMS\LMS\LMS\DEBUG\TEACHERPROFILE.OBJ
G:\LMS\LMS\LMS\LMS\LMS\DEBUG\TEST.OBJ
G:\LMS\LMS\LMS\LMS\LMS\DEBUG\VC100.PDB
G:\LMS\LMS\LMS\LMS\LMS\DEBUG\VIEWPREVIOUSRESULTS.OBJ
G:\LMS\LMS\LMS\LMS\LMS\DEBUG\VIEWRESULT.OBJ
G:\LMS\LMS\LMS\LMS\LMS\DEBUG\VIEWSTUDENTS.OBJ
G:\LMS\LMS\LMS\LMS\LMS\DEBUG\VIEWTEACHERS.OBJ
G:\LMS\LMS\LMS\LMS\LMS\GENERATEDFILES\DEBUG\MOC_ADDCOURSE.CPP
G:\LMS\LMS\LMS\LMS\LMS\GENERATEDFILES\DEBUG\MOC_ADDQUESTION.CPP
G:\LMS\LMS\LMS\LMS\LMS\GENERATEDFILES\DEBUG\MOC_ADDTEACHER.CPP
G:\LMS\LMS\LMS\LMS\LMS\GENERATEDFILES\DEBUG\MOC_ADMINPROFILE.CPP
G:\LMS\LMS\LMS\LMS\LMS\GENERATEDFILES\DEBUG\MOC_CHANGEPASSWORD.CPP
G:\LMS\LMS\LMS\LMS\LMS\GENERATEDFILES\DEBUG\MOC_DETAILEDRESULT.CPP
G:\LMS\LMS\LMS\LMS\LMS\GENERATEDFILES\DEBUG\MOC_DROPCOURSE.CPP
G:\LMS\LMS\LMS\LMS\LMS\GENERATEDFILES\DEBUG\MOC_EDITNEXTQUESTION.CPP
G:\LMS\LMS\LMS\LMS\LMS\GENERATEDFILES\DEBUG\MOC_EDITPROFILEN.CPP
G:\LMS\LMS\LMS\LMS\LMS\GENERATEDFILES\DEBUG\MOC_EDITTEST.CPP
G:\LMS\LMS\LMS\LMS\LMS\GENERATEDFILES\DEBUG\MOC_LMS.CPP
G:\LMS\LMS\LMS\LMS\LMS\GENERATEDFILES\DEBUG\MOC_LOGIN.CPP
G:\LMS\LMS\LMS\LMS\LMS\GENERATEDFILES\DEBUG\MOC_NEXTQUESTION.CPP
G:\LMS\LMS\LMS\LMS\LMS\GENERATEDFILES\DEBUG\MOC_SEENEXTQUESTION.CPP
G:\LMS\LMS\LMS\LMS\LMS\GENERATEDFILES\DEBUG\MOC_SELECTCOURSE.CPP
G:\LMS\LMS\LMS\LMS\LMS\GENERATEDFILES\DEBUG\MOC_SELECTTEST.CPP
G:\LMS\LMS\LMS\LMS\LMS\GENERATEDFILES\DEBUG\MOC_SETTESTSTART.CPP
G:\LMS\LMS\LMS\LMS\LMS\GENERATEDFILES\DEBUG\MOC_SIGNUP.CPP
G:\LMS\LMS\LMS\LMS\LMS\GENERATEDFILES\DEBUG\MOC_STUDENTPROFILE.CPP
G:\LMS\LMS\LMS\LMS\LMS\GENERATEDFILES\DEBUG\MOC_TAKEQUIZ.CPP
G:\LMS\LMS\LMS\LMS\LMS\GENERATEDFILES\DEBUG\MOC_TEACHERPROFILE.CPP
G:\LMS\LMS\LMS\LMS\LMS\GENERATEDFILES\DEBUG\MOC_VIEWPREVIOUSRESULTS.CPP
G:\LMS\LMS\LMS\LMS\LMS\GENERATEDFILES\DEBUG\MOC_VIEWRESULT.CPP
G:\LMS\LMS\LMS\LMS\LMS\GENERATEDFILES\DEBUG\MOC_VIEWSTUDENTS.CPP
G:\LMS\LMS\LMS\LMS\LMS\GENERATEDFILES\DEBUG\MOC_VIEWTEACHERS.CPP
G:\LMS\LMS\LMS\LMS\LMS\GENERATEDFILES\QRC_LMS.CPP
G:\LMS\LMS\LMS\LMS\LMS\GENERATEDFILES\UI_ADDCOURSE.H
G:\LMS\LMS\LMS\LMS\LMS\GENERATEDFILES\UI_ADDQUESTION.H
G:\LMS\LMS\LMS\LMS\LMS\GENERATEDFILES\UI_ADDTEACHER.H
G:\LMS\LMS\LMS\LMS\LMS\GENERATEDFILES\UI_ADMINPROFILE.H
G:\LMS\LMS\LMS\LMS\LMS\GENERATEDFILES\UI_CHANGEPASSWORD.H
G:\LMS\LMS\LMS\LMS\LMS\GENERATEDFILES\UI_DETAILEDRESULT.H
G:\LMS\LMS\LMS\LMS\LMS\GENERATEDFILES\UI_DROPCOURSE.H
G:\LMS\LMS\LMS\LMS\LMS\GENERATEDFILES\UI_EDITNEXTQUESTION.H
G:\LMS\LMS\LMS\LMS\LMS\GENERATEDFILES\UI_EDITPROFILEN.H
G:\LMS\LMS\LMS\LMS\LMS\GENERATEDFILES\UI_EDITTEST.H
G:\LMS\LMS\LMS\LMS\LMS\GENERATEDFILES\UI_LMS.H
G:\LMS\LMS\LMS\LMS\LMS\GENERATEDFILES\UI_LOGIN.H
G:\LMS\LMS\LMS\LMS\LMS\GENERATEDFILES\UI_NEXTQUESTION.H
G:\LMS\LMS\LMS\LMS\LMS\GENERATEDFILES\UI_SEENEXTQUESTION.H
G:\LMS\LMS\LMS\LMS\LMS\GENERATEDFILES\UI_SELECTCOURSE.H
G:\LMS\LMS\LMS\LMS\LMS\GENERATEDFILES\UI_SELECTTEST.H
G:\LMS\LMS\LMS\LMS\LMS\GENERATEDFILES\UI_SETTESTSTART.H
G:\LMS\LMS\LMS\LMS\LMS\GENERATEDFILES\UI_SIGNUP.H
G:\LMS\LMS\LMS\LMS\LMS\GENERATEDFILES\UI_STUDENTPROFILE.H
G:\LMS\LMS\LMS\LMS\LMS\GENERATEDFILES\UI_TAKEQUIZ.H
G:\LMS\LMS\LMS\LMS\LMS\GENERATEDFILES\UI_TEACHERPROFILE.H
G:\LMS\LMS\LMS\LMS\LMS\GENERATEDFILES\UI_VIEWPREVIOUSRESULTS.H
G:\LMS\LMS\LMS\LMS\LMS\GENERATEDFILES\UI_VIEWRESULT.H
G:\LMS\LMS\LMS\LMS\LMS\GENERATEDFILES\UI_VIEWSTUDENTS.H
G:\LMS\LMS\LMS\LMS\LMS\GENERATEDFILES\UI_VIEWTEACHERS.H
G:\LMS\LMS\LMS\LMS\WIN32\DEBUG\LMS.EXE
G:\LMS\LMS\LMS\LMS\WIN32\DEBUG\LMS.ILK
G:\LMS\LMS\LMS\LMS\WIN32\DEBUG\LMS.PDB
